2025-11-15 01:02:25:225 [32minfo[39m: [32mServer is running on port 3000[39m
2025-11-15 01:02:25:225 [32minfo[39m: [32mAPI Documentation available at http://localhost:3000/api-docs[39m
2025-11-15 01:02:44:244 [32minfo[39m: [32mServer is running on port 3000[39m
2025-11-15 01:02:44:244 [32minfo[39m: [32mAPI Documentation available at http://localhost:3000/api-docs[39m
2025-11-15 01:22:32:2232 [32minfo[39m: [32mServer is running on port 3000[39m
2025-11-15 01:22:32:2232 [32minfo[39m: [32mAPI Documentation available at http://localhost:3000/api-docs[39m
2025-11-15 01:50:03:503 [32minfo[39m: [32mServer is running on port 3000[39m
2025-11-15 01:50:03:503 [32minfo[39m: [32mAPI Documentation available at http://localhost:3000/api-docs[39m
2025-11-15 02:06:36:636 [32minfo[39m: [32mServer is running on port 3000[39m
2025-11-15 02:06:36:636 [32minfo[39m: [32mAPI Documentation available at http://localhost:3000/api-docs[39m
2025-11-15 02:07:56:756 [31merror[39m: [31m[GET] /favicon.ico >> StatusCode:: 404, Message:: Not Found - /favicon.ico[39m
2025-11-15 02:07:56:756 [31merror[39m: [31mError: Not Found - /favicon.ico[39m
[31m    at notFoundHandler (D:\React\Project\marketplace\server\src\middleware\error.middleware.ts:5:17)[39m
[31m    at Layer.handle [as handle_request] (D:\React\Project\marketplace\server\node_modules\express\lib\router\layer.js:95:5)[39m
[31m    at trim_prefix (D:\React\Project\marketplace\server\node_modules\express\lib\router\index.js:328:13)[39m
[31m    at D:\React\Project\marketplace\server\node_modules\express\lib\router\index.js:286:9[39m
[31m    at Function.process_params (D:\React\Project\marketplace\server\node_modules\express\lib\router\index.js:346:12)[39m
[31m    at next (D:\React\Project\marketplace\server\node_modules\express\lib\router\index.js:280:10)[39m
[31m    at D:\React\Project\marketplace\server\node_modules\express\lib\router\index.js:646:15[39m
[31m    at next (D:\React\Project\marketplace\server\node_modules\express\lib\router\index.js:265:14)[39m
[31m    at Function.handle (D:\React\Project\marketplace\server\node_modules\express\lib\router\index.js:175:3)[39m
[31m    at router (D:\React\Project\marketplace\server\node_modules\express\lib\router\index.js:47:12)[39m
2025-11-15 13:19:52:1952 [32minfo[39m: [32mServer is running on port 3000[39m
2025-11-15 13:19:52:1952 [32minfo[39m: [32mAPI Documentation available at http://localhost:3000/api-docs[39m
2025-11-15 13:42:17:4217 [32minfo[39m: [32mServer is running on port 3000[39m
2025-11-15 13:42:17:4217 [32minfo[39m: [32mAPI Documentation available at http://localhost:3000/api-docs[39m
2025-11-15 13:42:38:4238 [31merror[39m: [31m[GET] /favicon.ico >> StatusCode:: 404, Message:: Not Found - /favicon.ico[39m
2025-11-15 13:42:38:4238 [31merror[39m: [31mError: Not Found - /favicon.ico[39m
[31m    at notFoundHandler (D:\React\Project\marketplace\server\src\middleware\error.middleware.ts:5:17)[39m
[31m    at Layer.handle [as handle_request] (D:\React\Project\marketplace\server\node_modules\express\lib\router\layer.js:95:5)[39m
[31m    at trim_prefix (D:\React\Project\marketplace\server\node_modules\express\lib\router\index.js:328:13)[39m
[31m    at D:\React\Project\marketplace\server\node_modules\express\lib\router\index.js:286:9[39m
[31m    at Function.process_params (D:\React\Project\marketplace\server\node_modules\express\lib\router\index.js:346:12)[39m
[31m    at next (D:\React\Project\marketplace\server\node_modules\express\lib\router\index.js:280:10)[39m
[31m    at D:\React\Project\marketplace\server\node_modules\express\lib\router\index.js:646:15[39m
[31m    at next (D:\React\Project\marketplace\server\node_modules\express\lib\router\index.js:265:14)[39m
[31m    at Function.handle (D:\React\Project\marketplace\server\node_modules\express\lib\router\index.js:175:3)[39m
[31m    at router (D:\React\Project\marketplace\server\node_modules\express\lib\router\index.js:47:12)[39m
2025-11-15 20:25:02:252 [32minfo[39m: [32mServer is running on port 3000[39m
2025-11-15 20:25:02:252 [32minfo[39m: [32mAPI Documentation available at http://localhost:3000/api-docs[39m
2025-11-15 20:26:50:2650 [31merror[39m: [31m[GET] / >> StatusCode:: 404, Message:: Not Found - /[39m
2025-11-15 20:26:50:2650 [31merror[39m: [31mError: Not Found - /[39m
[31m    at notFoundHandler (D:\React\Project\marketplace\server\src\middleware\error.middleware.ts:5:17)[39m
[31m    at Layer.handle [as handle_request] (D:\React\Project\marketplace\server\node_modules\express\lib\router\layer.js:95:5)[39m
[31m    at trim_prefix (D:\React\Project\marketplace\server\node_modules\express\lib\router\index.js:328:13)[39m
[31m    at D:\React\Project\marketplace\server\node_modules\express\lib\router\index.js:286:9[39m
[31m    at Function.process_params (D:\React\Project\marketplace\server\node_modules\express\lib\router\index.js:346:12)[39m
[31m    at next (D:\React\Project\marketplace\server\node_modules\express\lib\router\index.js:280:10)[39m
[31m    at D:\React\Project\marketplace\server\node_modules\express\lib\router\index.js:646:15[39m
[31m    at next (D:\React\Project\marketplace\server\node_modules\express\lib\router\index.js:265:14)[39m
[31m    at Function.handle (D:\React\Project\marketplace\server\node_modules\express\lib\router\index.js:175:3)[39m
[31m    at router (D:\React\Project\marketplace\server\node_modules\express\lib\router\index.js:47:12)[39m
2025-11-15 20:29:47:2947 [32minfo[39m: [32mServer is running on port 3000[39m
2025-11-15 20:29:47:2947 [32minfo[39m: [32mAPI Documentation available at http://localhost:3000/api-docs[39m
2025-11-15 20:29:52:2952 [31merror[39m: [31m[GET] /api >> StatusCode:: 404, Message:: Not Found - /api[39m
2025-11-15 20:29:52:2952 [31merror[39m: [31mError: Not Found - /api[39m
[31m    at notFoundHandler (D:\React\Project\marketplace\server\src\middleware\error.middleware.ts:5:17)[39m
[31m    at Layer.handle [as handle_request] (D:\React\Project\marketplace\server\node_modules\express\lib\router\layer.js:95:5)[39m
[31m    at trim_prefix (D:\React\Project\marketplace\server\node_modules\express\lib\router\index.js:328:13)[39m
[31m    at D:\React\Project\marketplace\server\node_modules\express\lib\router\index.js:286:9[39m
[31m    at Function.process_params (D:\React\Project\marketplace\server\node_modules\express\lib\router\index.js:346:12)[39m
[31m    at next (D:\React\Project\marketplace\server\node_modules\express\lib\router\index.js:280:10)[39m
[31m    at D:\React\Project\marketplace\server\node_modules\express\lib\router\index.js:646:15[39m
[31m    at next (D:\React\Project\marketplace\server\node_modules\express\lib\router\index.js:265:14)[39m
[31m    at Function.handle (D:\React\Project\marketplace\server\node_modules\express\lib\router\index.js:175:3)[39m
[31m    at router (D:\React\Project\marketplace\server\node_modules\express\lib\router\index.js:47:12)[39m
2025-11-15 20:30:30:3030 [32minfo[39m: [32mServer is running on port 3000[39m
2025-11-15 20:30:30:3030 [32minfo[39m: [32mAPI Documentation available at http://localhost:3000/api-docs[39m
2025-11-15 20:32:16:3216 [32minfo[39m: [32mServer is running on port 3000[39m
2025-11-15 20:32:16:3216 [32minfo[39m: [32mAPI Documentation available at http://localhost:3000/api-docs[39m
2025-11-15 20:54:58:5458 [31merror[39m: [31m[GET] /api >> StatusCode:: 404, Message:: Not Found - /api[39m
2025-11-15 20:54:58:5458 [31merror[39m: [31mError: Not Found - /api[39m
[31m    at notFoundHandler (D:\React\Project\marketplace\server\src\middleware\error.middleware.ts:5:17)[39m
[31m    at Layer.handle [as handle_request] (D:\React\Project\marketplace\server\node_modules\express\lib\router\layer.js:95:5)[39m
[31m    at trim_prefix (D:\React\Project\marketplace\server\node_modules\express\lib\router\index.js:328:13)[39m
[31m    at D:\React\Project\marketplace\server\node_modules\express\lib\router\index.js:286:9[39m
[31m    at Function.process_params (D:\React\Project\marketplace\server\node_modules\express\lib\router\index.js:346:12)[39m
[31m    at next (D:\React\Project\marketplace\server\node_modules\express\lib\router\index.js:280:10)[39m
[31m    at D:\React\Project\marketplace\server\node_modules\express\lib\router\index.js:646:15[39m
[31m    at next (D:\React\Project\marketplace\server\node_modules\express\lib\router\index.js:265:14)[39m
[31m    at Function.handle (D:\React\Project\marketplace\server\node_modules\express\lib\router\index.js:175:3)[39m
[31m    at router (D:\React\Project\marketplace\server\node_modules\express\lib\router\index.js:47:12)[39m
2025-11-15 20:55:04:554 [31merror[39m: [31m[GET] /api >> StatusCode:: 404, Message:: Not Found - /api[39m
2025-11-15 20:55:04:554 [31merror[39m: [31mError: Not Found - /api[39m
[31m    at notFoundHandler (D:\React\Project\marketplace\server\src\middleware\error.middleware.ts:5:17)[39m
[31m    at Layer.handle [as handle_request] (D:\React\Project\marketplace\server\node_modules\express\lib\router\layer.js:95:5)[39m
[31m    at trim_prefix (D:\React\Project\marketplace\server\node_modules\express\lib\router\index.js:328:13)[39m
[31m    at D:\React\Project\marketplace\server\node_modules\express\lib\router\index.js:286:9[39m
[31m    at Function.process_params (D:\React\Project\marketplace\server\node_modules\express\lib\router\index.js:346:12)[39m
[31m    at next (D:\React\Project\marketplace\server\node_modules\express\lib\router\index.js:280:10)[39m
[31m    at D:\React\Project\marketplace\server\node_modules\express\lib\router\index.js:646:15[39m
[31m    at next (D:\React\Project\marketplace\server\node_modules\express\lib\router\index.js:265:14)[39m
[31m    at Function.handle (D:\React\Project\marketplace\server\node_modules\express\lib\router\index.js:175:3)[39m
[31m    at router (D:\React\Project\marketplace\server\node_modules\express\lib\router\index.js:47:12)[39m
2025-11-15 20:57:04:574 [32minfo[39m: [32mServer is running on port 3000[39m
2025-11-15 20:57:04:574 [32minfo[39m: [32mAPI Documentation available at http://localhost:3000/api-docs[39m
2025-11-15 20:58:34:5834 [31merror[39m: [31m[GET] /api >> StatusCode:: 404, Message:: Not Found - /api[39m
2025-11-15 20:58:34:5834 [31merror[39m: [31mError: Not Found - /api[39m
[31m    at notFoundHandler (D:\React\Project\marketplace\server\src\middleware\error.middleware.ts:5:17)[39m
[31m    at Layer.handle [as handle_request] (D:\React\Project\marketplace\server\node_modules\express\lib\router\layer.js:95:5)[39m
[31m    at trim_prefix (D:\React\Project\marketplace\server\node_modules\express\lib\router\index.js:328:13)[39m
[31m    at D:\React\Project\marketplace\server\node_modules\express\lib\router\index.js:286:9[39m
[31m    at Function.process_params (D:\React\Project\marketplace\server\node_modules\express\lib\router\index.js:346:12)[39m
[31m    at next (D:\React\Project\marketplace\server\node_modules\express\lib\router\index.js:280:10)[39m
[31m    at D:\React\Project\marketplace\server\node_modules\express\lib\router\index.js:646:15[39m
[31m    at next (D:\React\Project\marketplace\server\node_modules\express\lib\router\index.js:265:14)[39m
[31m    at Function.handle (D:\React\Project\marketplace\server\node_modules\express\lib\router\index.js:175:3)[39m
[31m    at router (D:\React\Project\marketplace\server\node_modules\express\lib\router\index.js:47:12)[39m
2025-11-15 20:59:00:590 [32minfo[39m: [32mServer is running on port 3000[39m
2025-11-15 20:59:00:590 [32minfo[39m: [32mAPI Documentation available at http://localhost:3000/api-docs[39m
2025-11-15 21:01:03:13 [31merror[39m: [31m[GET] /api >> StatusCode:: 404, Message:: Not Found - /api[39m
2025-11-15 21:01:03:13 [31merror[39m: [31mError: Not Found - /api[39m
[31m    at notFoundHandler (D:\React\Project\marketplace\server\src\middleware\error.middleware.ts:5:17)[39m
[31m    at Layer.handle [as handle_request] (D:\React\Project\marketplace\server\node_modules\express\lib\router\layer.js:95:5)[39m
[31m    at trim_prefix (D:\React\Project\marketplace\server\node_modules\express\lib\router\index.js:328:13)[39m
[31m    at D:\React\Project\marketplace\server\node_modules\express\lib\router\index.js:286:9[39m
[31m    at Function.process_params (D:\React\Project\marketplace\server\node_modules\express\lib\router\index.js:346:12)[39m
[31m    at next (D:\React\Project\marketplace\server\node_modules\express\lib\router\index.js:280:10)[39m
[31m    at D:\React\Project\marketplace\server\node_modules\express\lib\router\index.js:646:15[39m
[31m    at next (D:\React\Project\marketplace\server\node_modules\express\lib\router\index.js:265:14)[39m
[31m    at Function.handle (D:\React\Project\marketplace\server\node_modules\express\lib\router\index.js:175:3)[39m
[31m    at router (D:\React\Project\marketplace\server\node_modules\express\lib\router\index.js:47:12)[39m
2025-11-15 21:02:12:212 [32minfo[39m: [32mServer is running on port 3000[39m
2025-11-15 21:02:12:212 [32minfo[39m: [32mAPI Documentation available at http://localhost:3000/api-docs[39m
2025-11-15 21:05:41:541 [32minfo[39m: [32mServer is running on port 3000[39m
2025-11-15 21:05:41:541 [32minfo[39m: [32mAPI Documentation available at http://localhost:3000/api-docs[39m
2025-11-15 21:06:53:653 [31merror[39m: [31mError in registerUser: Unknown column 'created_at' in 'field list'[39m
2025-11-15 21:06:53:653 [31merror[39m: [31mRegistration error: Unknown column 'created_at' in 'field list'[39m
2025-11-15 21:12:31:1231 [31merror[39m: [31mError in registerUser: Unknown column 'created_at' in 'field list'[39m
2025-11-15 21:12:31:1231 [31merror[39m: [31mRegistration error: Unknown column 'created_at' in 'field list'[39m
2025-11-15 21:16:08:168 [32minfo[39m: [32mServer is running on port 3000[39m
2025-11-15 21:16:08:168 [32minfo[39m: [32mAPI Documentation available at http://localhost:3000/api-docs[39m
2025-11-15 21:16:45:1645 [32minfo[39m: [32mServer is running on port 3000[39m
2025-11-15 21:16:45:1645 [32minfo[39m: [32mAPI Documentation available at http://localhost:3000/api-docs[39m
2025-11-15 21:16:55:1655 [31merror[39m: [31mError in registerUser: Unknown column 'created_at' in 'field list'[39m
2025-11-15 21:16:55:1655 [31merror[39m: [31mRegistration error: Unknown column 'created_at' in 'field list'[39m
2025-11-15 21:19:11:1911 [31merror[39m: [31mError in registerUser: Unknown column 'created_at' in 'field list'[39m
2025-11-15 21:19:11:1911 [31merror[39m: [31mRegistration error: Unknown column 'created_at' in 'field list'[39m
2025-11-15 21:19:32:1932 [32minfo[39m: [32mServer is running on port 3000[39m
2025-11-15 21:19:32:1932 [32minfo[39m: [32mAPI Documentation available at http://localhost:3000/api-docs[39m
2025-11-15 21:23:07:237 [32minfo[39m: [32mServer is running on port 3000[39m
2025-11-15 21:23:07:237 [32minfo[39m: [32mAPI Documentation available at http://localhost:3000/api-docs[39m
2025-11-15 21:24:35:2435 [32minfo[39m: [32mServer is running on port 3000[39m
2025-11-15 21:24:35:2435 [32minfo[39m: [32mAPI Documentation available at http://localhost:3000/api-docs[39m
2025-11-15 21:25:51:2551 [32minfo[39m: [32mServer is running on port 3000[39m
2025-11-15 21:25:51:2551 [32minfo[39m: [32mAPI Documentation available at http://localhost:3000/api-docs[39m
2025-11-15 21:25:53:2553 [31merror[39m: [31mError in registerUser: Unknown column 'created_at' in 'field list'[39m
2025-11-15 21:25:53:2553 [31merror[39m: [31mRegistration error: Unknown column 'created_at' in 'field list'[39m
2025-11-15 21:28:11:2811 [32minfo[39m: [32mServer is running on port 3000[39m
2025-11-15 21:28:11:2811 [32minfo[39m: [32mAPI Documentation available at http://localhost:3000/api-docs[39m
2025-11-15 21:28:53:2853 [32minfo[39m: [32mServer is running on port 3000[39m
2025-11-15 21:28:53:2853 [32minfo[39m: [32mAPI Documentation available at http://localhost:3000/api-docs[39m
2025-11-15 21:28:59:2859 [31merror[39m: [31mError in registerUser: Unknown column 'created_at' in 'field list'[39m
2025-11-15 21:28:59:2859 [31merror[39m: [31mRegistration error: Unknown column 'created_at' in 'field list'[39m
2025-11-15 21:31:13:3113 [32minfo[39m: [32mServer is running on port 3000[39m
2025-11-15 21:31:13:3113 [32minfo[39m: [32mAPI Documentation available at http://localhost:3000/api-docs[39m
2025-11-15 21:31:50:3150 [32minfo[39m: [32mServer is running on port 3000[39m
2025-11-15 21:31:50:3150 [32minfo[39m: [32mAPI Documentation available at http://localhost:3000/api-docs[39m
2025-11-15 21:32:04:324 [31merror[39m: [31m[POST] /api/v1/auth/register >> StatusCode:: 400, Message:: Expected property name or '}' in JSON at position 1 (line 1 column 2)[39m
2025-11-15 21:32:04:324 [31merror[39m: [31mSyntaxError: Expected property name or '}' in JSON at position 1 (line 1 column 2)[39m
[31m    at JSON.parse (<anonymous>)[39m
[31m    at parse (D:\React\Project\marketplace\server\node_modules\body-parser\lib\types\json.js:92:19)[39m
[31m    at D:\React\Project\marketplace\server\node_modules\body-parser\lib\read.js:128:18[39m
[31m    at AsyncResource.runInAsyncScope (node:async_hooks:211:14)[39m
[31m    at invokeCallback (D:\React\Project\marketplace\server\node_modules\raw-body\index.js:238:16)[39m
[31m    at done (D:\React\Project\marketplace\server\node_modules\raw-body\index.js:227:7)[39m
[31m    at IncomingMessage.onEnd (D:\React\Project\marketplace\server\node_modules\raw-body\index.js:287:7)[39m
[31m    at IncomingMessage.emit (node:events:518:28)[39m
[31m    at IncomingMessage.emit (node:domain:489:12)[39m
[31m    at endReadableNT (node:internal/streams/readable:1698:12)[39m
2025-11-15 21:32:42:3242 [31merror[39m: [31mError in registerUser: Unknown column 'created_at' in 'field list'[39m
2025-11-15 21:32:42:3242 [31merror[39m: [31mRegistration error: Unknown column 'created_at' in 'field list'[39m
2025-11-15 21:34:09:349 [32minfo[39m: [32mServer is running on port 3000[39m
2025-11-15 21:34:09:349 [32minfo[39m: [32mAPI Documentation available at http://localhost:3000/api-docs[39m
2025-11-15 21:34:15:3415 [31merror[39m: [31mError in registerUser: Unknown column 'created_at' in 'field list'[39m
2025-11-15 21:34:15:3415 [31merror[39m: [31mRegistration error: Unknown column 'created_at' in 'field list'[39m
2025-11-15 21:35:03:353 [31merror[39m: [31mError in registerUser: Unknown column 'created_at' in 'field list'[39m
2025-11-15 21:35:03:353 [31merror[39m: [31mRegistration error: Unknown column 'created_at' in 'field list'[39m
2025-11-15 21:35:29:3529 [31merror[39m: [31mError in registerUser: Unknown column 'created_at' in 'field list'[39m
2025-11-15 21:35:29:3529 [31merror[39m: [31mRegistration error: Unknown column 'created_at' in 'field list'[39m
2025-11-15 21:38:58:3858 [32minfo[39m: [32mServer is running on port 3000[39m
2025-11-15 21:38:58:3858 [32minfo[39m: [32mAPI Documentation available at http://localhost:3000/api-docs[39m
2025-11-15 21:41:24:4124 [32minfo[39m: [32mServer is running on port 3000[39m
2025-11-15 21:41:24:4124 [32minfo[39m: [32mAPI Documentation available at http://localhost:3000/api-docs[39m
2025-11-15 21:41:41:4141 [31merror[39m: [31mError in registerUser: Unknown column 'created_at' in 'field list'[39m
2025-11-15 21:41:41:4141 [31merror[39m: [31mRegistration error: Unknown column 'created_at' in 'field list'[39m
2025-11-15 21:42:08:428 [32minfo[39m: [32mServer is running on port 3000[39m
2025-11-15 21:42:08:428 [32minfo[39m: [32mAPI Documentation available at http://localhost:3000/api-docs[39m
2025-11-15 21:43:08:438 [32minfo[39m: [32mServer is running on port 3000[39m
2025-11-15 21:43:08:438 [32minfo[39m: [32mAPI Documentation available at http://localhost:3000/api-docs[39m
2025-11-15 21:48:48:4848 [32minfo[39m: [32mServer is running on port 3000[39m
2025-11-15 21:48:48:4848 [32minfo[39m: [32mAPI Documentation available at http://localhost:3000/api-docs[39m
2025-11-15 21:50:16:5016 [32minfo[39m: [32mServer is running on port 3000[39m
2025-11-15 21:50:16:5016 [32minfo[39m: [32mAPI Documentation available at http://localhost:3000/api-docs[39m
2025-11-15 22:27:58:2758 [31merror[39m: [31m[POST] /api/v1/api/auth/register >> StatusCode:: 404, Message:: Not Found - /api/v1/api/auth/register[39m
2025-11-15 22:27:58:2758 [31merror[39m: [31mError: Not Found - /api/v1/api/auth/register[39m
[31m    at notFoundHandler (D:\React\Project\marketplace\server\src\middleware\error.middleware.ts:5:17)[39m
[31m    at Layer.handle [as handle_request] (D:\React\Project\marketplace\server\node_modules\express\lib\router\layer.js:95:5)[39m
[31m    at trim_prefix (D:\React\Project\marketplace\server\node_modules\express\lib\router\index.js:328:13)[39m
[31m    at D:\React\Project\marketplace\server\node_modules\express\lib\router\index.js:286:9[39m
[31m    at Function.process_params (D:\React\Project\marketplace\server\node_modules\express\lib\router\index.js:346:12)[39m
[31m    at next (D:\React\Project\marketplace\server\node_modules\express\lib\router\index.js:280:10)[39m
[31m    at D:\React\Project\marketplace\server\node_modules\express\lib\router\index.js:646:15[39m
[31m    at next (D:\React\Project\marketplace\server\node_modules\express\lib\router\index.js:265:14)[39m
[31m    at Function.handle (D:\React\Project\marketplace\server\node_modules\express\lib\router\index.js:175:3)[39m
[31m    at router (D:\React\Project\marketplace\server\node_modules\express\lib\router\index.js:47:12)[39m
2025-11-15 22:29:00:290 [31merror[39m: [31m[POST] /api/v1/register >> StatusCode:: 404, Message:: Not Found - /api/v1/register[39m
2025-11-15 22:29:00:290 [31merror[39m: [31mError: Not Found - /api/v1/register[39m
[31m    at notFoundHandler (D:\React\Project\marketplace\server\src\middleware\error.middleware.ts:5:17)[39m
[31m    at Layer.handle [as handle_request] (D:\React\Project\marketplace\server\node_modules\express\lib\router\layer.js:95:5)[39m
[31m    at trim_prefix (D:\React\Project\marketplace\server\node_modules\express\lib\router\index.js:328:13)[39m
[31m    at D:\React\Project\marketplace\server\node_modules\express\lib\router\index.js:286:9[39m
[31m    at Function.process_params (D:\React\Project\marketplace\server\node_modules\express\lib\router\index.js:346:12)[39m
[31m    at next (D:\React\Project\marketplace\server\node_modules\express\lib\router\index.js:280:10)[39m
[31m    at D:\React\Project\marketplace\server\node_modules\express\lib\router\index.js:646:15[39m
[31m    at next (D:\React\Project\marketplace\server\node_modules\express\lib\router\index.js:265:14)[39m
[31m    at Function.handle (D:\React\Project\marketplace\server\node_modules\express\lib\router\index.js:175:3)[39m
[31m    at router (D:\React\Project\marketplace\server\node_modules\express\lib\router\index.js:47:12)[39m
2025-11-15 22:34:07:347 [31merror[39m: [31mError in loginUser: Invalid credentials[39m
2025-11-15 22:34:07:347 [31merror[39m: [31mLogin error: Invalid credentials[39m
2025-11-15 22:35:47:3547 [31merror[39m: [31mError in loginUser: Invalid credentials[39m
2025-11-15 22:35:47:3547 [31merror[39m: [31mLogin error: Invalid credentials[39m
2025-11-15 22:36:10:3610 [31merror[39m: [31mError in loginUser: Invalid credentials[39m
2025-11-15 22:36:10:3610 [31merror[39m: [31mLogin error: Invalid credentials[39m
2025-11-15 22:38:36:3836 [31merror[39m: [31mError validating token: jwt malformed[39m
2025-11-15 22:38:36:3836 [31merror[39m: [31mAuthentication error: Invalid or expired token[39m
2025-11-15 22:38:36:3836 [31merror[39m: [31m[POST] /api/v1/auth/refresh >> StatusCode:: 404, Message:: Not Found - /api/v1/auth/refresh[39m
2025-11-15 22:38:36:3836 [31merror[39m: [31mError: Not Found - /api/v1/auth/refresh[39m
[31m    at notFoundHandler (D:\React\Project\marketplace\server\src\middleware\error.middleware.ts:5:17)[39m
[31m    at Layer.handle [as handle_request] (D:\React\Project\marketplace\server\node_modules\express\lib\router\layer.js:95:5)[39m
[31m    at trim_prefix (D:\React\Project\marketplace\server\node_modules\express\lib\router\index.js:328:13)[39m
[31m    at D:\React\Project\marketplace\server\node_modules\express\lib\router\index.js:286:9[39m
[31m    at Function.process_params (D:\React\Project\marketplace\server\node_modules\express\lib\router\index.js:346:12)[39m
[31m    at next (D:\React\Project\marketplace\server\node_modules\express\lib\router\index.js:280:10)[39m
[31m    at D:\React\Project\marketplace\server\node_modules\express\lib\router\index.js:646:15[39m
[31m    at next (D:\React\Project\marketplace\server\node_modules\express\lib\router\index.js:265:14)[39m
[31m    at D:\React\Project\marketplace\server\node_modules\express\lib\router\index.js:646:15[39m
[31m    at next (D:\React\Project\marketplace\server\node_modules\express\lib\router\index.js:265:14)[39m
2025-11-15 22:38:37:3837 [31merror[39m: [31m[POST] /api/v1/auth/logout >> StatusCode:: 404, Message:: Not Found - /api/v1/auth/logout[39m
2025-11-15 22:38:37:3837 [31merror[39m: [31mError: Not Found - /api/v1/auth/logout[39m
[31m    at notFoundHandler (D:\React\Project\marketplace\server\src\middleware\error.middleware.ts:5:17)[39m
[31m    at Layer.handle [as handle_request] (D:\React\Project\marketplace\server\node_modules\express\lib\router\layer.js:95:5)[39m
[31m    at trim_prefix (D:\React\Project\marketplace\server\node_modules\express\lib\router\index.js:328:13)[39m
[31m    at D:\React\Project\marketplace\server\node_modules\express\lib\router\index.js:286:9[39m
[31m    at Function.process_params (D:\React\Project\marketplace\server\node_modules\express\lib\router\index.js:346:12)[39m
[31m    at next (D:\React\Project\marketplace\server\node_modules\express\lib\router\index.js:280:10)[39m
[31m    at D:\React\Project\marketplace\server\node_modules\express\lib\router\index.js:646:15[39m
[31m    at next (D:\React\Project\marketplace\server\node_modules\express\lib\router\index.js:265:14)[39m
[31m    at D:\React\Project\marketplace\server\node_modules\express\lib\router\index.js:646:15[39m
[31m    at next (D:\React\Project\marketplace\server\node_modules\express\lib\router\index.js:265:14)[39m
2025-11-15 22:38:52:3852 [31merror[39m: [31mError validating token: jwt malformed[39m
2025-11-15 22:38:52:3852 [31merror[39m: [31mAuthentication error: Invalid or expired token[39m
2025-11-15 22:38:52:3852 [31merror[39m: [31m[POST] /api/v1/auth/refresh >> StatusCode:: 404, Message:: Not Found - /api/v1/auth/refresh[39m
2025-11-15 22:38:52:3852 [31merror[39m: [31mError: Not Found - /api/v1/auth/refresh[39m
[31m    at notFoundHandler (D:\React\Project\marketplace\server\src\middleware\error.middleware.ts:5:17)[39m
[31m    at Layer.handle [as handle_request] (D:\React\Project\marketplace\server\node_modules\express\lib\router\layer.js:95:5)[39m
[31m    at trim_prefix (D:\React\Project\marketplace\server\node_modules\express\lib\router\index.js:328:13)[39m
[31m    at D:\React\Project\marketplace\server\node_modules\express\lib\router\index.js:286:9[39m
[31m    at Function.process_params (D:\React\Project\marketplace\server\node_modules\express\lib\router\index.js:346:12)[39m
[31m    at next (D:\React\Project\marketplace\server\node_modules\express\lib\router\index.js:280:10)[39m
[31m    at D:\React\Project\marketplace\server\node_modules\express\lib\router\index.js:646:15[39m
[31m    at next (D:\React\Project\marketplace\server\node_modules\express\lib\router\index.js:265:14)[39m
[31m    at D:\React\Project\marketplace\server\node_modules\express\lib\router\index.js:646:15[39m
[31m    at next (D:\React\Project\marketplace\server\node_modules\express\lib\router\index.js:265:14)[39m
2025-11-15 22:38:52:3852 [31merror[39m: [31m[POST] /api/v1/auth/logout >> StatusCode:: 404, Message:: Not Found - /api/v1/auth/logout[39m
2025-11-15 22:38:52:3852 [31merror[39m: [31mError: Not Found - /api/v1/auth/logout[39m
[31m    at notFoundHandler (D:\React\Project\marketplace\server\src\middleware\error.middleware.ts:5:17)[39m
[31m    at Layer.handle [as handle_request] (D:\React\Project\marketplace\server\node_modules\express\lib\router\layer.js:95:5)[39m
[31m    at trim_prefix (D:\React\Project\marketplace\server\node_modules\express\lib\router\index.js:328:13)[39m
[31m    at D:\React\Project\marketplace\server\node_modules\express\lib\router\index.js:286:9[39m
[31m    at Function.process_params (D:\React\Project\marketplace\server\node_modules\express\lib\router\index.js:346:12)[39m
[31m    at next (D:\React\Project\marketplace\server\node_modules\express\lib\router\index.js:280:10)[39m
[31m    at D:\React\Project\marketplace\server\node_modules\express\lib\router\index.js:646:15[39m
[31m    at next (D:\React\Project\marketplace\server\node_modules\express\lib\router\index.js:265:14)[39m
[31m    at D:\React\Project\marketplace\server\node_modules\express\lib\router\index.js:646:15[39m
[31m    at next (D:\React\Project\marketplace\server\node_modules\express\lib\router\index.js:265:14)[39m
2025-11-15 22:58:44:5844 [31merror[39m: [31m[GET] /api/v1/seller/dashboard >> StatusCode:: 404, Message:: Not Found - /api/v1/seller/dashboard[39m
2025-11-15 22:58:44:5844 [31merror[39m: [31mError: Not Found - /api/v1/seller/dashboard[39m
[31m    at notFoundHandler (D:\React\Project\marketplace\server\src\middleware\error.middleware.ts:5:17)[39m
[31m    at Layer.handle [as handle_request] (D:\React\Project\marketplace\server\node_modules\express\lib\router\layer.js:95:5)[39m
[31m    at trim_prefix (D:\React\Project\marketplace\server\node_modules\express\lib\router\index.js:328:13)[39m
[31m    at D:\React\Project\marketplace\server\node_modules\express\lib\router\index.js:286:9[39m
[31m    at Function.process_params (D:\React\Project\marketplace\server\node_modules\express\lib\router\index.js:346:12)[39m
[31m    at next (D:\React\Project\marketplace\server\node_modules\express\lib\router\index.js:280:10)[39m
[31m    at D:\React\Project\marketplace\server\node_modules\express\lib\router\index.js:646:15[39m
[31m    at next (D:\React\Project\marketplace\server\node_modules\express\lib\router\index.js:265:14)[39m
[31m    at Function.handle (D:\React\Project\marketplace\server\node_modules\express\lib\router\index.js:175:3)[39m
[31m    at router (D:\React\Project\marketplace\server\node_modules\express\lib\router\index.js:47:12)[39m
2025-11-15 22:58:44:5844 [31merror[39m: [31m[GET] /api/v1/seller/products >> StatusCode:: 404, Message:: Not Found - /api/v1/seller/products[39m
2025-11-15 22:58:44:5844 [31merror[39m: [31mError: Not Found - /api/v1/seller/products[39m
[31m    at notFoundHandler (D:\React\Project\marketplace\server\src\middleware\error.middleware.ts:5:17)[39m
[31m    at Layer.handle [as handle_request] (D:\React\Project\marketplace\server\node_modules\express\lib\router\layer.js:95:5)[39m
[31m    at trim_prefix (D:\React\Project\marketplace\server\node_modules\express\lib\router\index.js:328:13)[39m
[31m    at D:\React\Project\marketplace\server\node_modules\express\lib\router\index.js:286:9[39m
[31m    at Function.process_params (D:\React\Project\marketplace\server\node_modules\express\lib\router\index.js:346:12)[39m
[31m    at next (D:\React\Project\marketplace\server\node_modules\express\lib\router\index.js:280:10)[39m
[31m    at D:\React\Project\marketplace\server\node_modules\express\lib\router\index.js:646:15[39m
[31m    at next (D:\React\Project\marketplace\server\node_modules\express\lib\router\index.js:265:14)[39m
[31m    at Function.handle (D:\React\Project\marketplace\server\node_modules\express\lib\router\index.js:175:3)[39m
[31m    at router (D:\React\Project\marketplace\server\node_modules\express\lib\router\index.js:47:12)[39m
2025-11-15 22:58:44:5844 [31merror[39m: [31m[GET] /api/v1/seller/orders >> StatusCode:: 404, Message:: Not Found - /api/v1/seller/orders[39m
2025-11-15 22:58:44:5844 [31merror[39m: [31mError: Not Found - /api/v1/seller/orders[39m
[31m    at notFoundHandler (D:\React\Project\marketplace\server\src\middleware\error.middleware.ts:5:17)[39m
[31m    at Layer.handle [as handle_request] (D:\React\Project\marketplace\server\node_modules\express\lib\router\layer.js:95:5)[39m
[31m    at trim_prefix (D:\React\Project\marketplace\server\node_modules\express\lib\router\index.js:328:13)[39m
[31m    at D:\React\Project\marketplace\server\node_modules\express\lib\router\index.js:286:9[39m
[31m    at Function.process_params (D:\React\Project\marketplace\server\node_modules\express\lib\router\index.js:346:12)[39m
[31m    at next (D:\React\Project\marketplace\server\node_modules\express\lib\router\index.js:280:10)[39m
[31m    at D:\React\Project\marketplace\server\node_modules\express\lib\router\index.js:646:15[39m
[31m    at next (D:\React\Project\marketplace\server\node_modules\express\lib\router\index.js:265:14)[39m
[31m    at Function.handle (D:\React\Project\marketplace\server\node_modules\express\lib\router\index.js:175:3)[39m
[31m    at router (D:\React\Project\marketplace\server\node_modules\express\lib\router\index.js:47:12)[39m
2025-11-15 22:59:19:5919 [31merror[39m: [31m[GET] /api/v1/seller/products >> StatusCode:: 404, Message:: Not Found - /api/v1/seller/products[39m
2025-11-15 22:59:19:5919 [31merror[39m: [31mError: Not Found - /api/v1/seller/products[39m
[31m    at notFoundHandler (D:\React\Project\marketplace\server\src\middleware\error.middleware.ts:5:17)[39m
[31m    at Layer.handle [as handle_request] (D:\React\Project\marketplace\server\node_modules\express\lib\router\layer.js:95:5)[39m
[31m    at trim_prefix (D:\React\Project\marketplace\server\node_modules\express\lib\router\index.js:328:13)[39m
[31m    at D:\React\Project\marketplace\server\node_modules\express\lib\router\index.js:286:9[39m
[31m    at Function.process_params (D:\React\Project\marketplace\server\node_modules\express\lib\router\index.js:346:12)[39m
[31m    at next (D:\React\Project\marketplace\server\node_modules\express\lib\router\index.js:280:10)[39m
[31m    at D:\React\Project\marketplace\server\node_modules\express\lib\router\index.js:646:15[39m
[31m    at next (D:\React\Project\marketplace\server\node_modules\express\lib\router\index.js:265:14)[39m
[31m    at Function.handle (D:\React\Project\marketplace\server\node_modules\express\lib\router\index.js:175:3)[39m
[31m    at router (D:\React\Project\marketplace\server\node_modules\express\lib\router\index.js:47:12)[39m
2025-11-15 22:59:19:5919 [31merror[39m: [31m[GET] /api/v1/seller/dashboard >> StatusCode:: 404, Message:: Not Found - /api/v1/seller/dashboard[39m
2025-11-15 22:59:19:5919 [31merror[39m: [31mError: Not Found - /api/v1/seller/dashboard[39m
[31m    at notFoundHandler (D:\React\Project\marketplace\server\src\middleware\error.middleware.ts:5:17)[39m
[31m    at Layer.handle [as handle_request] (D:\React\Project\marketplace\server\node_modules\express\lib\router\layer.js:95:5)[39m
[31m    at trim_prefix (D:\React\Project\marketplace\server\node_modules\express\lib\router\index.js:328:13)[39m
[31m    at D:\React\Project\marketplace\server\node_modules\express\lib\router\index.js:286:9[39m
[31m    at Function.process_params (D:\React\Project\marketplace\server\node_modules\express\lib\router\index.js:346:12)[39m
[31m    at next (D:\React\Project\marketplace\server\node_modules\express\lib\router\index.js:280:10)[39m
[31m    at D:\React\Project\marketplace\server\node_modules\express\lib\router\index.js:646:15[39m
[31m    at next (D:\React\Project\marketplace\server\node_modules\express\lib\router\index.js:265:14)[39m
[31m    at Function.handle (D:\React\Project\marketplace\server\node_modules\express\lib\router\index.js:175:3)[39m
[31m    at router (D:\React\Project\marketplace\server\node_modules\express\lib\router\index.js:47:12)[39m
2025-11-15 22:59:19:5919 [31merror[39m: [31m[GET] /api/v1/seller/orders >> StatusCode:: 404, Message:: Not Found - /api/v1/seller/orders[39m
2025-11-15 22:59:19:5919 [31merror[39m: [31mError: Not Found - /api/v1/seller/orders[39m
[31m    at notFoundHandler (D:\React\Project\marketplace\server\src\middleware\error.middleware.ts:5:17)[39m
[31m    at Layer.handle [as handle_request] (D:\React\Project\marketplace\server\node_modules\express\lib\router\layer.js:95:5)[39m
[31m    at trim_prefix (D:\React\Project\marketplace\server\node_modules\express\lib\router\index.js:328:13)[39m
[31m    at D:\React\Project\marketplace\server\node_modules\express\lib\router\index.js:286:9[39m
[31m    at Function.process_params (D:\React\Project\marketplace\server\node_modules\express\lib\router\index.js:346:12)[39m
[31m    at next (D:\React\Project\marketplace\server\node_modules\express\lib\router\index.js:280:10)[39m
[31m    at D:\React\Project\marketplace\server\node_modules\express\lib\router\index.js:646:15[39m
[31m    at next (D:\React\Project\marketplace\server\node_modules\express\lib\router\index.js:265:14)[39m
[31m    at Function.handle (D:\React\Project\marketplace\server\node_modules\express\lib\router\index.js:175:3)[39m
[31m    at router (D:\React\Project\marketplace\server\node_modules\express\lib\router\index.js:47:12)[39m
2025-11-15 23:03:55:355 [31merror[39m: [31m[POST] /api/v1/sellers/dashboard >> StatusCode:: 404, Message:: Not Found - /api/v1/sellers/dashboard[39m
2025-11-15 23:03:55:355 [31merror[39m: [31mError: Not Found - /api/v1/sellers/dashboard[39m
[31m    at notFoundHandler (D:\React\Project\marketplace\server\src\middleware\error.middleware.ts:5:17)[39m
[31m    at Layer.handle [as handle_request] (D:\React\Project\marketplace\server\node_modules\express\lib\router\layer.js:95:5)[39m
[31m    at trim_prefix (D:\React\Project\marketplace\server\node_modules\express\lib\router\index.js:328:13)[39m
[31m    at D:\React\Project\marketplace\server\node_modules\express\lib\router\index.js:286:9[39m
[31m    at Function.process_params (D:\React\Project\marketplace\server\node_modules\express\lib\router\index.js:346:12)[39m
[31m    at next (D:\React\Project\marketplace\server\node_modules\express\lib\router\index.js:280:10)[39m
[31m    at D:\React\Project\marketplace\server\node_modules\express\lib\router\index.js:646:15[39m
[31m    at next (D:\React\Project\marketplace\server\node_modules\express\lib\router\index.js:265:14)[39m
[31m    at D:\React\Project\marketplace\server\node_modules\express\lib\router\index.js:646:15[39m
[31m    at next (D:\React\Project\marketplace\server\node_modules\express\lib\router\index.js:265:14)[39m
2025-11-15 23:05:30:530 [31merror[39m: [31m[POST] /api/v1/seller/dashboard >> StatusCode:: 404, Message:: Not Found - /api/v1/seller/dashboard[39m
2025-11-15 23:05:30:530 [31merror[39m: [31mError: Not Found - /api/v1/seller/dashboard[39m
[31m    at notFoundHandler (D:\React\Project\marketplace\server\src\middleware\error.middleware.ts:5:17)[39m
[31m    at Layer.handle [as handle_request] (D:\React\Project\marketplace\server\node_modules\express\lib\router\layer.js:95:5)[39m
[31m    at trim_prefix (D:\React\Project\marketplace\server\node_modules\express\lib\router\index.js:328:13)[39m
[31m    at D:\React\Project\marketplace\server\node_modules\express\lib\router\index.js:286:9[39m
[31m    at Function.process_params (D:\React\Project\marketplace\server\node_modules\express\lib\router\index.js:346:12)[39m
[31m    at next (D:\React\Project\marketplace\server\node_modules\express\lib\router\index.js:280:10)[39m
[31m    at D:\React\Project\marketplace\server\node_modules\express\lib\router\index.js:646:15[39m
[31m    at next (D:\React\Project\marketplace\server\node_modules\express\lib\router\index.js:265:14)[39m
[31m    at Function.handle (D:\React\Project\marketplace\server\node_modules\express\lib\router\index.js:175:3)[39m
[31m    at router (D:\React\Project\marketplace\server\node_modules\express\lib\router\index.js:47:12)[39m
2025-11-15 23:05:35:535 [31merror[39m: [31m[GET] /api/v1/api/v1/sellers/dashboard >> StatusCode:: 404, Message:: Not Found - /api/v1/api/v1/sellers/dashboard[39m
2025-11-15 23:05:35:535 [31merror[39m: [31mError: Not Found - /api/v1/api/v1/sellers/dashboard[39m
[31m    at notFoundHandler (D:\React\Project\marketplace\server\src\middleware\error.middleware.ts:5:17)[39m
[31m    at Layer.handle [as handle_request] (D:\React\Project\marketplace\server\node_modules\express\lib\router\layer.js:95:5)[39m
[31m    at trim_prefix (D:\React\Project\marketplace\server\node_modules\express\lib\router\index.js:328:13)[39m
[31m    at D:\React\Project\marketplace\server\node_modules\express\lib\router\index.js:286:9[39m
[31m    at Function.process_params (D:\React\Project\marketplace\server\node_modules\express\lib\router\index.js:346:12)[39m
[31m    at next (D:\React\Project\marketplace\server\node_modules\express\lib\router\index.js:280:10)[39m
[31m    at D:\React\Project\marketplace\server\node_modules\express\lib\router\index.js:646:15[39m
[31m    at next (D:\React\Project\marketplace\server\node_modules\express\lib\router\index.js:265:14)[39m
[31m    at Function.handle (D:\React\Project\marketplace\server\node_modules\express\lib\router\index.js:175:3)[39m
[31m    at router (D:\React\Project\marketplace\server\node_modules\express\lib\router\index.js:47:12)[39m
2025-11-15 23:05:35:535 [31merror[39m: [31m[GET] /api/v1/api/v1/sellers/products >> StatusCode:: 404, Message:: Not Found - /api/v1/api/v1/sellers/products[39m
2025-11-15 23:05:35:535 [31merror[39m: [31mError: Not Found - /api/v1/api/v1/sellers/products[39m
[31m    at notFoundHandler (D:\React\Project\marketplace\server\src\middleware\error.middleware.ts:5:17)[39m
[31m    at Layer.handle [as handle_request] (D:\React\Project\marketplace\server\node_modules\express\lib\router\layer.js:95:5)[39m
[31m    at trim_prefix (D:\React\Project\marketplace\server\node_modules\express\lib\router\index.js:328:13)[39m
[31m    at D:\React\Project\marketplace\server\node_modules\express\lib\router\index.js:286:9[39m
[31m    at Function.process_params (D:\React\Project\marketplace\server\node_modules\express\lib\router\index.js:346:12)[39m
[31m    at next (D:\React\Project\marketplace\server\node_modules\express\lib\router\index.js:280:10)[39m
[31m    at D:\React\Project\marketplace\server\node_modules\express\lib\router\index.js:646:15[39m
[31m    at next (D:\React\Project\marketplace\server\node_modules\express\lib\router\index.js:265:14)[39m
[31m    at Function.handle (D:\React\Project\marketplace\server\node_modules\express\lib\router\index.js:175:3)[39m
[31m    at router (D:\React\Project\marketplace\server\node_modules\express\lib\router\index.js:47:12)[39m
2025-11-15 23:05:35:535 [31merror[39m: [31m[GET] /api/v1/api/v1/sellers/orders >> StatusCode:: 404, Message:: Not Found - /api/v1/api/v1/sellers/orders[39m
2025-11-15 23:05:35:535 [31merror[39m: [31mError: Not Found - /api/v1/api/v1/sellers/orders[39m
[31m    at notFoundHandler (D:\React\Project\marketplace\server\src\middleware\error.middleware.ts:5:17)[39m
[31m    at Layer.handle [as handle_request] (D:\React\Project\marketplace\server\node_modules\express\lib\router\layer.js:95:5)[39m
[31m    at trim_prefix (D:\React\Project\marketplace\server\node_modules\express\lib\router\index.js:328:13)[39m
[31m    at D:\React\Project\marketplace\server\node_modules\express\lib\router\index.js:286:9[39m
[31m    at Function.process_params (D:\React\Project\marketplace\server\node_modules\express\lib\router\index.js:346:12)[39m
[31m    at next (D:\React\Project\marketplace\server\node_modules\express\lib\router\index.js:280:10)[39m
[31m    at D:\React\Project\marketplace\server\node_modules\express\lib\router\index.js:646:15[39m
[31m    at next (D:\React\Project\marketplace\server\node_modules\express\lib\router\index.js:265:14)[39m
[31m    at Function.handle (D:\React\Project\marketplace\server\node_modules\express\lib\router\index.js:175:3)[39m
[31m    at router (D:\React\Project\marketplace\server\node_modules\express\lib\router\index.js:47:12)[39m
2025-11-15 23:05:47:547 [31merror[39m: [31m[POST] /seller/dashboard >> StatusCode:: 404, Message:: Not Found - /seller/dashboard[39m
2025-11-15 23:05:47:547 [31merror[39m: [31mError: Not Found - /seller/dashboard[39m
[31m    at notFoundHandler (D:\React\Project\marketplace\server\src\middleware\error.middleware.ts:5:17)[39m
[31m    at Layer.handle [as handle_request] (D:\React\Project\marketplace\server\node_modules\express\lib\router\layer.js:95:5)[39m
[31m    at trim_prefix (D:\React\Project\marketplace\server\node_modules\express\lib\router\index.js:328:13)[39m
[31m    at D:\React\Project\marketplace\server\node_modules\express\lib\router\index.js:286:9[39m
[31m    at Function.process_params (D:\React\Project\marketplace\server\node_modules\express\lib\router\index.js:346:12)[39m
[31m    at next (D:\React\Project\marketplace\server\node_modules\express\lib\router\index.js:280:10)[39m
[31m    at D:\React\Project\marketplace\server\node_modules\express\lib\router\index.js:646:15[39m
[31m    at next (D:\React\Project\marketplace\server\node_modules\express\lib\router\index.js:265:14)[39m
[31m    at Function.handle (D:\React\Project\marketplace\server\node_modules\express\lib\router\index.js:175:3)[39m
[31m    at router (D:\React\Project\marketplace\server\node_modules\express\lib\router\index.js:47:12)[39m
2025-11-15 23:06:07:67 [31merror[39m: [31m[POST] /api/v1/sellers/dashboard >> StatusCode:: 404, Message:: Not Found - /api/v1/sellers/dashboard[39m
2025-11-15 23:06:07:67 [31merror[39m: [31mError: Not Found - /api/v1/sellers/dashboard[39m
[31m    at notFoundHandler (D:\React\Project\marketplace\server\src\middleware\error.middleware.ts:5:17)[39m
[31m    at Layer.handle [as handle_request] (D:\React\Project\marketplace\server\node_modules\express\lib\router\layer.js:95:5)[39m
[31m    at trim_prefix (D:\React\Project\marketplace\server\node_modules\express\lib\router\index.js:328:13)[39m
[31m    at D:\React\Project\marketplace\server\node_modules\express\lib\router\index.js:286:9[39m
[31m    at Function.process_params (D:\React\Project\marketplace\server\node_modules\express\lib\router\index.js:346:12)[39m
[31m    at next (D:\React\Project\marketplace\server\node_modules\express\lib\router\index.js:280:10)[39m
[31m    at D:\React\Project\marketplace\server\node_modules\express\lib\router\index.js:646:15[39m
[31m    at next (D:\React\Project\marketplace\server\node_modules\express\lib\router\index.js:265:14)[39m
[31m    at D:\React\Project\marketplace\server\node_modules\express\lib\router\index.js:646:15[39m
[31m    at next (D:\React\Project\marketplace\server\node_modules\express\lib\router\index.js:265:14)[39m
2025-11-15 23:06:53:653 [31merror[39m: [31m[POST] /api/v1/sellers/dashboard >> StatusCode:: 404, Message:: Not Found - /api/v1/sellers/dashboard[39m
2025-11-15 23:06:53:653 [31merror[39m: [31mError: Not Found - /api/v1/sellers/dashboard[39m
[31m    at notFoundHandler (D:\React\Project\marketplace\server\src\middleware\error.middleware.ts:5:17)[39m
[31m    at Layer.handle [as handle_request] (D:\React\Project\marketplace\server\node_modules\express\lib\router\layer.js:95:5)[39m
[31m    at trim_prefix (D:\React\Project\marketplace\server\node_modules\express\lib\router\index.js:328:13)[39m
[31m    at D:\React\Project\marketplace\server\node_modules\express\lib\router\index.js:286:9[39m
[31m    at Function.process_params (D:\React\Project\marketplace\server\node_modules\express\lib\router\index.js:346:12)[39m
[31m    at next (D:\React\Project\marketplace\server\node_modules\express\lib\router\index.js:280:10)[39m
[31m    at D:\React\Project\marketplace\server\node_modules\express\lib\router\index.js:646:15[39m
[31m    at next (D:\React\Project\marketplace\server\node_modules\express\lib\router\index.js:265:14)[39m
[31m    at D:\React\Project\marketplace\server\node_modules\express\lib\router\index.js:646:15[39m
[31m    at next (D:\React\Project\marketplace\server\node_modules\express\lib\router\index.js:265:14)[39m
2025-11-15 23:06:57:657 [31merror[39m: [31m[POST] /api/v1/seller/dashboard >> StatusCode:: 404, Message:: Not Found - /api/v1/seller/dashboard[39m
2025-11-15 23:06:57:657 [31merror[39m: [31mError: Not Found - /api/v1/seller/dashboard[39m
[31m    at notFoundHandler (D:\React\Project\marketplace\server\src\middleware\error.middleware.ts:5:17)[39m
[31m    at Layer.handle [as handle_request] (D:\React\Project\marketplace\server\node_modules\express\lib\router\layer.js:95:5)[39m
[31m    at trim_prefix (D:\React\Project\marketplace\server\node_modules\express\lib\router\index.js:328:13)[39m
[31m    at D:\React\Project\marketplace\server\node_modules\express\lib\router\index.js:286:9[39m
[31m    at Function.process_params (D:\React\Project\marketplace\server\node_modules\express\lib\router\index.js:346:12)[39m
[31m    at next (D:\React\Project\marketplace\server\node_modules\express\lib\router\index.js:280:10)[39m
[31m    at D:\React\Project\marketplace\server\node_modules\express\lib\router\index.js:646:15[39m
[31m    at next (D:\React\Project\marketplace\server\node_modules\express\lib\router\index.js:265:14)[39m
[31m    at Function.handle (D:\React\Project\marketplace\server\node_modules\express\lib\router\index.js:175:3)[39m
[31m    at router (D:\React\Project\marketplace\server\node_modules\express\lib\router\index.js:47:12)[39m
2025-11-15 23:08:14:814 [31merror[39m: [31m[POST] /api/v1/seller/dashboard >> StatusCode:: 404, Message:: Not Found - /api/v1/seller/dashboard[39m
2025-11-15 23:08:14:814 [31merror[39m: [31mError: Not Found - /api/v1/seller/dashboard[39m
[31m    at notFoundHandler (D:\React\Project\marketplace\server\src\middleware\error.middleware.ts:5:17)[39m
[31m    at Layer.handle [as handle_request] (D:\React\Project\marketplace\server\node_modules\express\lib\router\layer.js:95:5)[39m
[31m    at trim_prefix (D:\React\Project\marketplace\server\node_modules\express\lib\router\index.js:328:13)[39m
[31m    at D:\React\Project\marketplace\server\node_modules\express\lib\router\index.js:286:9[39m
[31m    at Function.process_params (D:\React\Project\marketplace\server\node_modules\express\lib\router\index.js:346:12)[39m
[31m    at next (D:\React\Project\marketplace\server\node_modules\express\lib\router\index.js:280:10)[39m
[31m    at D:\React\Project\marketplace\server\node_modules\express\lib\router\index.js:646:15[39m
[31m    at next (D:\React\Project\marketplace\server\node_modules\express\lib\router\index.js:265:14)[39m
[31m    at Function.handle (D:\React\Project\marketplace\server\node_modules\express\lib\router\index.js:175:3)[39m
[31m    at router (D:\React\Project\marketplace\server\node_modules\express\lib\router\index.js:47:12)[39m
2025-11-15 23:10:43:1043 [31merror[39m: [31mError validating token: jwt malformed[39m
2025-11-15 23:10:43:1043 [31merror[39m: [31mAuthentication error: Invalid or expired token[39m
2025-11-15 23:10:43:1043 [31merror[39m: [31mError validating token: jwt malformed[39m
2025-11-15 23:10:43:1043 [31merror[39m: [31mAuthentication error: Invalid or expired token[39m
2025-11-15 23:10:43:1043 [31merror[39m: [31mError validating token: jwt malformed[39m
2025-11-15 23:10:43:1043 [31merror[39m: [31mAuthentication error: Invalid or expired token[39m
2025-11-15 23:10:43:1043 [31merror[39m: [31m[POST] /api/v1/auth/refresh >> StatusCode:: 404, Message:: Not Found - /api/v1/auth/refresh[39m
2025-11-15 23:10:43:1043 [31merror[39m: [31mError: Not Found - /api/v1/auth/refresh[39m
[31m    at notFoundHandler (D:\React\Project\marketplace\server\src\middleware\error.middleware.ts:5:17)[39m
[31m    at Layer.handle [as handle_request] (D:\React\Project\marketplace\server\node_modules\express\lib\router\layer.js:95:5)[39m
[31m    at trim_prefix (D:\React\Project\marketplace\server\node_modules\express\lib\router\index.js:328:13)[39m
[31m    at D:\React\Project\marketplace\server\node_modules\express\lib\router\index.js:286:9[39m
[31m    at Function.process_params (D:\React\Project\marketplace\server\node_modules\express\lib\router\index.js:346:12)[39m
[31m    at next (D:\React\Project\marketplace\server\node_modules\express\lib\router\index.js:280:10)[39m
[31m    at D:\React\Project\marketplace\server\node_modules\express\lib\router\index.js:646:15[39m
[31m    at next (D:\React\Project\marketplace\server\node_modules\express\lib\router\index.js:265:14)[39m
[31m    at D:\React\Project\marketplace\server\node_modules\express\lib\router\index.js:646:15[39m
[31m    at next (D:\React\Project\marketplace\server\node_modules\express\lib\router\index.js:265:14)[39m
2025-11-15 23:11:21:1121 [31merror[39m: [31mError validating token: jwt malformed[39m
2025-11-15 23:11:21:1121 [31merror[39m: [31mAuthentication error: Invalid or expired token[39m
2025-11-15 23:11:21:1121 [31merror[39m: [31mError validating token: jwt malformed[39m
2025-11-15 23:11:21:1121 [31merror[39m: [31mAuthentication error: Invalid or expired token[39m
2025-11-15 23:11:21:1121 [31merror[39m: [31mError validating token: jwt malformed[39m
2025-11-15 23:11:21:1121 [31merror[39m: [31mAuthentication error: Invalid or expired token[39m
2025-11-15 23:11:21:1121 [31merror[39m: [31m[POST] /api/v1/auth/refresh >> StatusCode:: 404, Message:: Not Found - /api/v1/auth/refresh[39m
2025-11-15 23:11:21:1121 [31merror[39m: [31mError: Not Found - /api/v1/auth/refresh[39m
[31m    at notFoundHandler (D:\React\Project\marketplace\server\src\middleware\error.middleware.ts:5:17)[39m
[31m    at Layer.handle [as handle_request] (D:\React\Project\marketplace\server\node_modules\express\lib\router\layer.js:95:5)[39m
[31m    at trim_prefix (D:\React\Project\marketplace\server\node_modules\express\lib\router\index.js:328:13)[39m
[31m    at D:\React\Project\marketplace\server\node_modules\express\lib\router\index.js:286:9[39m
[31m    at Function.process_params (D:\React\Project\marketplace\server\node_modules\express\lib\router\index.js:346:12)[39m
[31m    at next (D:\React\Project\marketplace\server\node_modules\express\lib\router\index.js:280:10)[39m
[31m    at D:\React\Project\marketplace\server\node_modules\express\lib\router\index.js:646:15[39m
[31m    at next (D:\React\Project\marketplace\server\node_modules\express\lib\router\index.js:265:14)[39m
[31m    at D:\React\Project\marketplace\server\node_modules\express\lib\router\index.js:646:15[39m
[31m    at next (D:\React\Project\marketplace\server\node_modules\express\lib\router\index.js:265:14)[39m
2025-11-15 23:11:41:1141 [31merror[39m: [31m[POST] /api/v1/seller/dashboard >> StatusCode:: 404, Message:: Not Found - /api/v1/seller/dashboard[39m
2025-11-15 23:11:41:1141 [31merror[39m: [31mError: Not Found - /api/v1/seller/dashboard[39m
[31m    at notFoundHandler (D:\React\Project\marketplace\server\src\middleware\error.middleware.ts:5:17)[39m
[31m    at Layer.handle [as handle_request] (D:\React\Project\marketplace\server\node_modules\express\lib\router\layer.js:95:5)[39m
[31m    at trim_prefix (D:\React\Project\marketplace\server\node_modules\express\lib\router\index.js:328:13)[39m
[31m    at D:\React\Project\marketplace\server\node_modules\express\lib\router\index.js:286:9[39m
[31m    at Function.process_params (D:\React\Project\marketplace\server\node_modules\express\lib\router\index.js:346:12)[39m
[31m    at next (D:\React\Project\marketplace\server\node_modules\express\lib\router\index.js:280:10)[39m
[31m    at D:\React\Project\marketplace\server\node_modules\express\lib\router\index.js:646:15[39m
[31m    at next (D:\React\Project\marketplace\server\node_modules\express\lib\router\index.js:265:14)[39m
[31m    at Function.handle (D:\React\Project\marketplace\server\node_modules\express\lib\router\index.js:175:3)[39m
[31m    at router (D:\React\Project\marketplace\server\node_modules\express\lib\router\index.js:47:12)[39m
2025-11-15 23:12:32:1232 [31merror[39m: [31m[POST] /api/v1/seller/dashboard >> StatusCode:: 404, Message:: Not Found - /api/v1/seller/dashboard[39m
2025-11-15 23:12:32:1232 [31merror[39m: [31mError: Not Found - /api/v1/seller/dashboard[39m
[31m    at notFoundHandler (D:\React\Project\marketplace\server\src\middleware\error.middleware.ts:5:17)[39m
[31m    at Layer.handle [as handle_request] (D:\React\Project\marketplace\server\node_modules\express\lib\router\layer.js:95:5)[39m
[31m    at trim_prefix (D:\React\Project\marketplace\server\node_modules\express\lib\router\index.js:328:13)[39m
[31m    at D:\React\Project\marketplace\server\node_modules\express\lib\router\index.js:286:9[39m
[31m    at Function.process_params (D:\React\Project\marketplace\server\node_modules\express\lib\router\index.js:346:12)[39m
[31m    at next (D:\React\Project\marketplace\server\node_modules\express\lib\router\index.js:280:10)[39m
[31m    at D:\React\Project\marketplace\server\node_modules\express\lib\router\index.js:646:15[39m
[31m    at next (D:\React\Project\marketplace\server\node_modules\express\lib\router\index.js:265:14)[39m
[31m    at Function.handle (D:\React\Project\marketplace\server\node_modules\express\lib\router\index.js:175:3)[39m
[31m    at router (D:\React\Project\marketplace\server\node_modules\express\lib\router\index.js:47:12)[39m
2025-11-15 23:13:38:1338 [31merror[39m: [31m[POST] /api/v1/sellers/dashboard >> StatusCode:: 404, Message:: Not Found - /api/v1/sellers/dashboard[39m
2025-11-15 23:13:38:1338 [31merror[39m: [31mError: Not Found - /api/v1/sellers/dashboard[39m
[31m    at notFoundHandler (D:\React\Project\marketplace\server\src\middleware\error.middleware.ts:5:17)[39m
[31m    at Layer.handle [as handle_request] (D:\React\Project\marketplace\server\node_modules\express\lib\router\layer.js:95:5)[39m
[31m    at trim_prefix (D:\React\Project\marketplace\server\node_modules\express\lib\router\index.js:328:13)[39m
[31m    at D:\React\Project\marketplace\server\node_modules\express\lib\router\index.js:286:9[39m
[31m    at Function.process_params (D:\React\Project\marketplace\server\node_modules\express\lib\router\index.js:346:12)[39m
[31m    at next (D:\React\Project\marketplace\server\node_modules\express\lib\router\index.js:280:10)[39m
[31m    at D:\React\Project\marketplace\server\node_modules\express\lib\router\index.js:646:15[39m
[31m    at next (D:\React\Project\marketplace\server\node_modules\express\lib\router\index.js:265:14)[39m
[31m    at D:\React\Project\marketplace\server\node_modules\express\lib\router\index.js:646:15[39m
[31m    at next (D:\React\Project\marketplace\server\node_modules\express\lib\router\index.js:265:14)[39m
2025-11-15 23:14:52:1452 [31merror[39m: [31m[POST] /api/v1/sellers/dashboard >> StatusCode:: 404, Message:: Not Found - /api/v1/sellers/dashboard[39m
2025-11-15 23:14:52:1452 [31merror[39m: [31mError: Not Found - /api/v1/sellers/dashboard[39m
[31m    at notFoundHandler (D:\React\Project\marketplace\server\src\middleware\error.middleware.ts:5:17)[39m
[31m    at Layer.handle [as handle_request] (D:\React\Project\marketplace\server\node_modules\express\lib\router\layer.js:95:5)[39m
[31m    at trim_prefix (D:\React\Project\marketplace\server\node_modules\express\lib\router\index.js:328:13)[39m
[31m    at D:\React\Project\marketplace\server\node_modules\express\lib\router\index.js:286:9[39m
[31m    at Function.process_params (D:\React\Project\marketplace\server\node_modules\express\lib\router\index.js:346:12)[39m
[31m    at next (D:\React\Project\marketplace\server\node_modules\express\lib\router\index.js:280:10)[39m
[31m    at D:\React\Project\marketplace\server\node_modules\express\lib\router\index.js:646:15[39m
[31m    at next (D:\React\Project\marketplace\server\node_modules\express\lib\router\index.js:265:14)[39m
[31m    at D:\React\Project\marketplace\server\node_modules\express\lib\router\index.js:646:15[39m
[31m    at next (D:\React\Project\marketplace\server\node_modules\express\lib\router\index.js:265:14)[39m
2025-11-15 23:19:42:1942 [32minfo[39m: [32mServer is running on port 3000[39m
2025-11-15 23:19:42:1942 [32minfo[39m: [32mAPI Documentation available at http://localhost:3000/api-docs[39m
2025-11-15 23:19:48:1948 [31merror[39m: [31m[POST] /api/v1/sellers/dashboard >> StatusCode:: 404, Message:: Not Found - /api/v1/sellers/dashboard[39m
2025-11-15 23:19:48:1948 [31merror[39m: [31mError: Not Found - /api/v1/sellers/dashboard[39m
[31m    at notFoundHandler (D:\React\Project\marketplace\server\src\middleware\error.middleware.ts:5:17)[39m
[31m    at Layer.handle [as handle_request] (D:\React\Project\marketplace\server\node_modules\express\lib\router\layer.js:95:5)[39m
[31m    at trim_prefix (D:\React\Project\marketplace\server\node_modules\express\lib\router\index.js:328:13)[39m
[31m    at D:\React\Project\marketplace\server\node_modules\express\lib\router\index.js:286:9[39m
[31m    at Function.process_params (D:\React\Project\marketplace\server\node_modules\express\lib\router\index.js:346:12)[39m
[31m    at next (D:\React\Project\marketplace\server\node_modules\express\lib\router\index.js:280:10)[39m
[31m    at D:\React\Project\marketplace\server\node_modules\express\lib\router\index.js:646:15[39m
[31m    at next (D:\React\Project\marketplace\server\node_modules\express\lib\router\index.js:265:14)[39m
[31m    at D:\React\Project\marketplace\server\node_modules\express\lib\router\index.js:646:15[39m
[31m    at next (D:\React\Project\marketplace\server\node_modules\express\lib\router\index.js:265:14)[39m
2025-11-15 23:21:17:2117 [31merror[39m: [31m[POST] /api/v1/sellers/dashboard >> StatusCode:: 404, Message:: Not Found - /api/v1/sellers/dashboard[39m
2025-11-15 23:21:17:2117 [31merror[39m: [31mError: Not Found - /api/v1/sellers/dashboard[39m
[31m    at notFoundHandler (D:\React\Project\marketplace\server\src\middleware\error.middleware.ts:5:17)[39m
[31m    at Layer.handle [as handle_request] (D:\React\Project\marketplace\server\node_modules\express\lib\router\layer.js:95:5)[39m
[31m    at trim_prefix (D:\React\Project\marketplace\server\node_modules\express\lib\router\index.js:328:13)[39m
[31m    at D:\React\Project\marketplace\server\node_modules\express\lib\router\index.js:286:9[39m
[31m    at Function.process_params (D:\React\Project\marketplace\server\node_modules\express\lib\router\index.js:346:12)[39m
[31m    at next (D:\React\Project\marketplace\server\node_modules\express\lib\router\index.js:280:10)[39m
[31m    at D:\React\Project\marketplace\server\node_modules\express\lib\router\index.js:646:15[39m
[31m    at next (D:\React\Project\marketplace\server\node_modules\express\lib\router\index.js:265:14)[39m
[31m    at D:\React\Project\marketplace\server\node_modules\express\lib\router\index.js:646:15[39m
[31m    at next (D:\React\Project\marketplace\server\node_modules\express\lib\router\index.js:265:14)[39m
2025-11-15 23:21:55:2155 [32minfo[39m: [32mServer is running on port 3000[39m
2025-11-15 23:21:55:2155 [32minfo[39m: [32mAPI Documentation available at http://localhost:3000/api-docs[39m
2025-11-15 23:22:52:2252 [32minfo[39m: [32mServer is running on port 3000[39m
2025-11-15 23:22:52:2252 [32minfo[39m: [32mAPI Documentation available at http://localhost:3000/api-docs[39m
2025-11-15 23:23:19:2319 [31merror[39m: [31m[POST] /api/v1/sellers/dashboard >> StatusCode:: 404, Message:: Not Found - /api/v1/sellers/dashboard[39m
2025-11-15 23:23:19:2319 [31merror[39m: [31mError: Not Found - /api/v1/sellers/dashboard[39m
[31m    at notFoundHandler (D:\React\Project\marketplace\server\src\middleware\error.middleware.ts:5:17)[39m
[31m    at Layer.handle [as handle_request] (D:\React\Project\marketplace\server\node_modules\express\lib\router\layer.js:95:5)[39m
[31m    at trim_prefix (D:\React\Project\marketplace\server\node_modules\express\lib\router\index.js:328:13)[39m
[31m    at D:\React\Project\marketplace\server\node_modules\express\lib\router\index.js:286:9[39m
[31m    at Function.process_params (D:\React\Project\marketplace\server\node_modules\express\lib\router\index.js:346:12)[39m
[31m    at next (D:\React\Project\marketplace\server\node_modules\express\lib\router\index.js:280:10)[39m
[31m    at D:\React\Project\marketplace\server\node_modules\express\lib\router\index.js:646:15[39m
[31m    at next (D:\React\Project\marketplace\server\node_modules\express\lib\router\index.js:265:14)[39m
[31m    at D:\React\Project\marketplace\server\node_modules\express\lib\router\index.js:646:15[39m
[31m    at next (D:\React\Project\marketplace\server\node_modules\express\lib\router\index.js:265:14)[39m
2025-11-15 23:25:28:2528 [32minfo[39m: [32mServer is running on port 3000[39m
2025-11-15 23:25:28:2528 [32minfo[39m: [32mAPI Documentation available at http://localhost:3000/api-docs[39m
2025-11-15 23:25:44:2544 [32minfo[39m: [32mServer is running on port 3000[39m
2025-11-15 23:25:44:2544 [32minfo[39m: [32mAPI Documentation available at http://localhost:3000/api-docs[39m
2025-11-15 23:26:34:2634 [32minfo[39m: [32mServer is running on port 3000[39m
2025-11-15 23:26:34:2634 [32minfo[39m: [32mAPI Documentation available at http://localhost:3000/api-docs[39m
2025-11-15 23:27:08:278 [31merror[39m: [31m[POST] /api/v1/sellers/dashboard >> StatusCode:: 404, Message:: Not Found - /api/v1/sellers/dashboard[39m
2025-11-15 23:27:08:278 [31merror[39m: [31mError: Not Found - /api/v1/sellers/dashboard[39m
[31m    at notFoundHandler (D:\React\Project\marketplace\server\src\middleware\error.middleware.ts:5:17)[39m
[31m    at Layer.handle [as handle_request] (D:\React\Project\marketplace\server\node_modules\express\lib\router\layer.js:95:5)[39m
[31m    at trim_prefix (D:\React\Project\marketplace\server\node_modules\express\lib\router\index.js:328:13)[39m
[31m    at D:\React\Project\marketplace\server\node_modules\express\lib\router\index.js:286:9[39m
[31m    at Function.process_params (D:\React\Project\marketplace\server\node_modules\express\lib\router\index.js:346:12)[39m
[31m    at next (D:\React\Project\marketplace\server\node_modules\express\lib\router\index.js:280:10)[39m
[31m    at D:\React\Project\marketplace\server\node_modules\express\lib\router\index.js:646:15[39m
[31m    at next (D:\React\Project\marketplace\server\node_modules\express\lib\router\index.js:265:14)[39m
[31m    at D:\React\Project\marketplace\server\node_modules\express\lib\router\index.js:646:15[39m
[31m    at next (D:\React\Project\marketplace\server\node_modules\express\lib\router\index.js:265:14)[39m
2025-11-15 23:27:44:2744 [31merror[39m: [31mError validating token: jwt malformed[39m
2025-11-15 23:27:44:2744 [31merror[39m: [31mAuthentication error: Invalid or expired token[39m
2025-11-15 23:27:44:2744 [31merror[39m: [31mError validating token: jwt malformed[39m
2025-11-15 23:27:44:2744 [31merror[39m: [31mAuthentication error: Invalid or expired token[39m
2025-11-15 23:27:44:2744 [31merror[39m: [31mError validating token: jwt malformed[39m
2025-11-15 23:27:44:2744 [31merror[39m: [31mAuthentication error: Invalid or expired token[39m
2025-11-15 23:27:44:2744 [31merror[39m: [31m[POST] /api/v1/auth/refresh >> StatusCode:: 404, Message:: Not Found - /api/v1/auth/refresh[39m
2025-11-15 23:27:44:2744 [31merror[39m: [31mError: Not Found - /api/v1/auth/refresh[39m
[31m    at notFoundHandler (D:\React\Project\marketplace\server\src\middleware\error.middleware.ts:5:17)[39m
[31m    at Layer.handle [as handle_request] (D:\React\Project\marketplace\server\node_modules\express\lib\router\layer.js:95:5)[39m
[31m    at trim_prefix (D:\React\Project\marketplace\server\node_modules\express\lib\router\index.js:328:13)[39m
[31m    at D:\React\Project\marketplace\server\node_modules\express\lib\router\index.js:286:9[39m
[31m    at Function.process_params (D:\React\Project\marketplace\server\node_modules\express\lib\router\index.js:346:12)[39m
[31m    at next (D:\React\Project\marketplace\server\node_modules\express\lib\router\index.js:280:10)[39m
[31m    at D:\React\Project\marketplace\server\node_modules\express\lib\router\index.js:646:15[39m
[31m    at next (D:\React\Project\marketplace\server\node_modules\express\lib\router\index.js:265:14)[39m
[31m    at D:\React\Project\marketplace\server\node_modules\express\lib\router\index.js:646:15[39m
[31m    at next (D:\React\Project\marketplace\server\node_modules\express\lib\router\index.js:265:14)[39m
2025-11-15 23:31:14:3114 [32minfo[39m: [32mDatabase connected for seeding[39m
2025-11-15 23:31:14:3114 [32minfo[39m: [32mSeeding users...[39m
2025-11-15 23:31:15:3115 [31merror[39m: [31mError seeding database: Validation error[39m
2025-11-15 23:31:22:3122 [31merror[39m: [31m[POST] /api/v1/auth/login >> StatusCode:: 400, Message:: Bad escaped character in JSON at position 9 (line 1 column 10)[39m
2025-11-15 23:31:22:3122 [31merror[39m: [31mSyntaxError: Bad escaped character in JSON at position 9 (line 1 column 10)[39m
[31m    at JSON.parse (<anonymous>)[39m
[31m    at parse (D:\React\Project\marketplace\server\node_modules\body-parser\lib\types\json.js:92:19)[39m
[31m    at D:\React\Project\marketplace\server\node_modules\body-parser\lib\read.js:128:18[39m
[31m    at AsyncResource.runInAsyncScope (node:async_hooks:211:14)[39m
[31m    at invokeCallback (D:\React\Project\marketplace\server\node_modules\raw-body\index.js:238:16)[39m
[31m    at done (D:\React\Project\marketplace\server\node_modules\raw-body\index.js:227:7)[39m
[31m    at IncomingMessage.onEnd (D:\React\Project\marketplace\server\node_modules\raw-body\index.js:287:7)[39m
[31m    at IncomingMessage.emit (node:events:518:28)[39m
[31m    at IncomingMessage.emit (node:domain:489:12)[39m
[31m    at endReadableNT (node:internal/streams/readable:1698:12)[39m
2025-11-15 23:31:35:3135 [31merror[39m: [31m[POST] /api/v1/auth/login >> StatusCode:: 400, Message:: Bad escaped character in JSON at position 9 (line 1 column 10)[39m
2025-11-15 23:31:35:3135 [31merror[39m: [31mSyntaxError: Bad escaped character in JSON at position 9 (line 1 column 10)[39m
[31m    at JSON.parse (<anonymous>)[39m
[31m    at parse (D:\React\Project\marketplace\server\node_modules\body-parser\lib\types\json.js:92:19)[39m
[31m    at D:\React\Project\marketplace\server\node_modules\body-parser\lib\read.js:128:18[39m
[31m    at AsyncResource.runInAsyncScope (node:async_hooks:211:14)[39m
[31m    at invokeCallback (D:\React\Project\marketplace\server\node_modules\raw-body\index.js:238:16)[39m
[31m    at done (D:\React\Project\marketplace\server\node_modules\raw-body\index.js:227:7)[39m
[31m    at IncomingMessage.onEnd (D:\React\Project\marketplace\server\node_modules\raw-body\index.js:287:7)[39m
[31m    at IncomingMessage.emit (node:events:518:28)[39m
[31m    at IncomingMessage.emit (node:domain:489:12)[39m
[31m    at endReadableNT (node:internal/streams/readable:1698:12)[39m
2025-11-15 23:32:19:3219 [31merror[39m: [31mError validating token: jwt malformed[39m
2025-11-15 23:32:19:3219 [31merror[39m: [31mAuthentication error: Invalid or expired token[39m
2025-11-15 23:32:53:3253 [31merror[39m: [31mError fetching seller dashboard: Unknown column 'OrderItem.seller_id' in 'where clause'[39m
2025-11-15 23:32:53:3253 [31merror[39m: [31mError in getDashboard controller: Unknown column 'OrderItem.seller_id' in 'where clause'[39m
2025-11-15 23:32:53:3253 [31merror[39m: [31m[GET] /api/v1/sellers/dashboard >> StatusCode:: 500, Message:: Unknown column 'OrderItem.seller_id' in 'where clause'[39m
2025-11-15 23:32:53:3253 [31merror[39m: [31mError[39m
[31m    at Query.run (D:\React\Project\marketplace\server\node_modules\sequelize\src\dialects\mysql\query.js:46:25)[39m
[31m    at D:\React\Project\marketplace\server\node_modules\sequelize\src\sequelize.js:650:28[39m
[31m    at processTicksAndRejections (node:internal/process/task_queues:105:5)[39m
[31m    at async MySQLQueryInterface.rawSelect (D:\React\Project\marketplace\server\node_modules\sequelize\src\dialects\abstract\query-interface.js:1043:18)[39m
[31m    at async Function.aggregate (D:\React\Project\marketplace\server\node_modules\sequelize\src\model.js:2067:19)[39m
[31m    at async Function.count (D:\React\Project\marketplace\server\node_modules\sequelize\src\model.js:2124:20)[39m
[31m    at async Promise.all (index 1)[39m
[31m    at async SellerService.getSellerDashboard (D:\React\Project\marketplace\server\src\services\seller.service.ts:204:64)[39m
[31m    at async SellerController.getDashboard (D:\React\Project\marketplace\server\src\controllers\seller.controller.ts:119:25)[39m
2025-11-15 23:37:18:3718 [31merror[39m: [31mError in loginUser: Unknown column 'created_at' in 'field list'[39m
2025-11-15 23:37:18:3718 [31merror[39m: [31mLogin error: Unknown column 'created_at' in 'field list'[39m
2025-11-15 23:38:06:386 [32minfo[39m: [32mServer is running on port 3000[39m
2025-11-15 23:38:06:386 [32minfo[39m: [32mAPI Documentation available at http://localhost:3000/api-docs[39m
2025-11-15 23:38:10:3810 [31merror[39m: [31mError in loginUser: Unknown column 'password_hash' in 'field list'[39m
2025-11-15 23:38:10:3810 [31merror[39m: [31mLogin error: Unknown column 'password_hash' in 'field list'[39m
2025-11-15 23:38:46:3846 [32minfo[39m: [32mServer is running on port 3000[39m
2025-11-15 23:38:46:3846 [32minfo[39m: [32mAPI Documentation available at http://localhost:3000/api-docs[39m
2025-11-15 23:39:19:3919 [31merror[39m: [31mError fetching seller dashboard: Unknown column 'o.paymentStatus' in 'where clause'[39m
2025-11-15 23:39:19:3919 [31merror[39m: [31mError in getDashboard controller: Unknown column 'o.paymentStatus' in 'where clause'[39m
2025-11-15 23:39:19:3919 [31merror[39m: [31m[GET] /api/v1/sellers/dashboard >> StatusCode:: 500, Message:: Unknown column 'o.paymentStatus' in 'where clause'[39m
2025-11-15 23:39:19:3919 [31merror[39m: [31mError[39m
[31m    at Query.run (D:\React\Project\marketplace\server\node_modules\sequelize\src\dialects\mysql\query.js:46:25)[39m
[31m    at D:\React\Project\marketplace\server\node_modules\sequelize\src\sequelize.js:650:28[39m
[31m    at processTicksAndRejections (node:internal/process/task_queues:105:5)[39m
[31m    at async D:\React\Project\marketplace\server\src\services\seller.service.ts:209:26[39m
[31m    at async Promise.all (index 2)[39m
[31m    at async SellerService.getSellerDashboard (D:\React\Project\marketplace\server\src\services\seller.service.ts:204:64)[39m
[31m    at async SellerController.getDashboard (D:\React\Project\marketplace\server\src\controllers\seller.controller.ts:119:25)[39m
2025-11-15 23:42:07:427 [32minfo[39m: [32mServer is running on port 3000[39m
2025-11-15 23:42:07:427 [32minfo[39m: [32mAPI Documentation available at http://localhost:3000/api-docs[39m
2025-11-15 23:42:19:4219 [31merror[39m: [31mError fetching seller dashboard: Unknown column 'OrderItem.isCancelled' in 'field list'[39m
2025-11-15 23:42:19:4219 [31merror[39m: [31mError in getDashboard controller: Unknown column 'OrderItem.isCancelled' in 'field list'[39m
2025-11-15 23:42:19:4219 [31merror[39m: [31m[GET] /api/v1/sellers/dashboard >> StatusCode:: 500, Message:: Unknown column 'OrderItem.isCancelled' in 'field list'[39m
2025-11-15 23:42:19:4219 [31merror[39m: [31mError[39m
[31m    at Query.run (D:\React\Project\marketplace\server\node_modules\sequelize\src\dialects\mysql\query.js:46:25)[39m
[31m    at D:\React\Project\marketplace\server\node_modules\sequelize\src\sequelize.js:650:28[39m
[31m    at processTicksAndRejections (node:internal/process/task_queues:105:5)[39m
[31m    at async MySQLQueryInterface.select (D:\React\Project\marketplace\server\node_modules\sequelize\src\dialects\abstract\query-interface.js:1001:12)[39m
[31m    at async Function.findAll (D:\React\Project\marketplace\server\node_modules\sequelize\src\model.js:1824:21)[39m
[31m    at async SellerService.getSellerDashboard (D:\React\Project\marketplace\server\src\services\seller.service.ts:233:28)[39m
[31m    at async SellerController.getDashboard (D:\React\Project\marketplace\server\src\controllers\seller.controller.ts:119:25)[39m
2025-11-15 23:44:23:4423 [32minfo[39m: [32mServer is running on port 3000[39m
2025-11-15 23:44:23:4423 [32minfo[39m: [32mAPI Documentation available at http://localhost:3000/api-docs[39m
2025-11-15 23:44:35:4435 [32minfo[39m: [32mServer is running on port 3000[39m
2025-11-15 23:44:35:4435 [32minfo[39m: [32mAPI Documentation available at http://localhost:3000/api-docs[39m
2025-11-15 23:46:55:4655 [32minfo[39m: [32mServer is running on port 3000[39m
2025-11-15 23:46:55:4655 [32minfo[39m: [32mAPI Documentation available at http://localhost:3000/api-docs[39m
2025-11-15 23:46:59:4659 [31merror[39m: [31m[POST] /api/v1/sellers/dashboard >> StatusCode:: 404, Message:: Not Found - /api/v1/sellers/dashboard[39m
2025-11-15 23:46:59:4659 [31merror[39m: [31mError: Not Found - /api/v1/sellers/dashboard[39m
[31m    at notFoundHandler (D:\React\Project\marketplace\server\src\middleware\error.middleware.ts:5:17)[39m
[31m    at Layer.handle [as handle_request] (D:\React\Project\marketplace\server\node_modules\express\lib\router\layer.js:95:5)[39m
[31m    at trim_prefix (D:\React\Project\marketplace\server\node_modules\express\lib\router\index.js:328:13)[39m
[31m    at D:\React\Project\marketplace\server\node_modules\express\lib\router\index.js:286:9[39m
[31m    at Function.process_params (D:\React\Project\marketplace\server\node_modules\express\lib\router\index.js:346:12)[39m
[31m    at next (D:\React\Project\marketplace\server\node_modules\express\lib\router\index.js:280:10)[39m
[31m    at D:\React\Project\marketplace\server\node_modules\express\lib\router\index.js:646:15[39m
[31m    at next (D:\React\Project\marketplace\server\node_modules\express\lib\router\index.js:265:14)[39m
[31m    at D:\React\Project\marketplace\server\node_modules\express\lib\router\index.js:646:15[39m
[31m    at next (D:\React\Project\marketplace\server\node_modules\express\lib\router\index.js:265:14)[39m
2025-11-15 23:48:18:4818 [31merror[39m: [31mError fetching seller dashboard: Unknown column 'product.created_at' in 'field list'[39m
2025-11-15 23:48:18:4818 [31merror[39m: [31mError in getDashboard controller: Unknown column 'product.created_at' in 'field list'[39m
2025-11-15 23:48:18:4818 [31merror[39m: [31m[GET] /api/v1/sellers/dashboard >> StatusCode:: 500, Message:: Unknown column 'product.created_at' in 'field list'[39m
2025-11-15 23:48:18:4818 [31merror[39m: [31mError[39m
[31m    at Query.run (D:\React\Project\marketplace\server\node_modules\sequelize\src\dialects\mysql\query.js:46:25)[39m
[31m    at D:\React\Project\marketplace\server\node_modules\sequelize\src\sequelize.js:650:28[39m
[31m    at processTicksAndRejections (node:internal/process/task_queues:105:5)[39m
[31m    at async MySQLQueryInterface.select (D:\React\Project\marketplace\server\node_modules\sequelize\src\dialects\abstract\query-interface.js:1001:12)[39m
[31m    at async Function.findAll (D:\React\Project\marketplace\server\node_modules\sequelize\src\model.js:1824:21)[39m
[31m    at async SellerService.getSellerDashboard (D:\React\Project\marketplace\server\src\services\seller.service.ts:233:28)[39m
[31m    at async SellerController.getDashboard (D:\React\Project\marketplace\server\src\controllers\seller.controller.ts:119:25)[39m
2025-11-15 23:49:30:4930 [32minfo[39m: [32mServer is running on port 3000[39m
2025-11-15 23:49:30:4930 [32minfo[39m: [32mAPI Documentation available at http://localhost:3000/api-docs[39m
2025-11-15 23:53:37:5337 [32minfo[39m: [32mServer is running on port 3000[39m
2025-11-15 23:53:37:5337 [32minfo[39m: [32mAPI Documentation available at http://localhost:3000/api-docs[39m
2025-11-15 23:54:07:547 [32minfo[39m: [32mServer is running on port 3000[39m
2025-11-15 23:54:07:547 [32minfo[39m: [32mAPI Documentation available at http://localhost:3000/api-docs[39m
2025-11-15 23:55:58:5558 [32minfo[39m: [32mServer is running on port 3000[39m
2025-11-15 23:55:58:5558 [32minfo[39m: [32mAPI Documentation available at http://localhost:3000/api-docs[39m
2025-11-15 23:56:34:5634 [32minfo[39m: [32mServer is running on port 3000[39m
2025-11-15 23:56:34:5634 [32minfo[39m: [32mAPI Documentation available at http://localhost:3000/api-docs[39m
2025-11-15 23:59:15:5915 [32minfo[39m: [32mServer is running on port 3000[39m
2025-11-15 23:59:15:5915 [32minfo[39m: [32mAPI Documentation available at http://localhost:3000/api-docs[39m
