2025-11-15 02:07:56:756 [31merror[39m: [31m[GET] /favicon.ico >> StatusCode:: 404, Message:: Not Found - /favicon.ico[39m
2025-11-15 02:07:56:756 [31merror[39m: [31mError: Not Found - /favicon.ico[39m
[31m    at notFoundHandler (D:\React\Project\marketplace\server\src\middleware\error.middleware.ts:5:17)[39m
[31m    at Layer.handle [as handle_request] (D:\React\Project\marketplace\server\node_modules\express\lib\router\layer.js:95:5)[39m
[31m    at trim_prefix (D:\React\Project\marketplace\server\node_modules\express\lib\router\index.js:328:13)[39m
[31m    at D:\React\Project\marketplace\server\node_modules\express\lib\router\index.js:286:9[39m
[31m    at Function.process_params (D:\React\Project\marketplace\server\node_modules\express\lib\router\index.js:346:12)[39m
[31m    at next (D:\React\Project\marketplace\server\node_modules\express\lib\router\index.js:280:10)[39m
[31m    at D:\React\Project\marketplace\server\node_modules\express\lib\router\index.js:646:15[39m
[31m    at next (D:\React\Project\marketplace\server\node_modules\express\lib\router\index.js:265:14)[39m
[31m    at Function.handle (D:\React\Project\marketplace\server\node_modules\express\lib\router\index.js:175:3)[39m
[31m    at router (D:\React\Project\marketplace\server\node_modules\express\lib\router\index.js:47:12)[39m
2025-11-15 13:42:38:4238 [31merror[39m: [31m[GET] /favicon.ico >> StatusCode:: 404, Message:: Not Found - /favicon.ico[39m
2025-11-15 13:42:38:4238 [31merror[39m: [31mError: Not Found - /favicon.ico[39m
[31m    at notFoundHandler (D:\React\Project\marketplace\server\src\middleware\error.middleware.ts:5:17)[39m
[31m    at Layer.handle [as handle_request] (D:\React\Project\marketplace\server\node_modules\express\lib\router\layer.js:95:5)[39m
[31m    at trim_prefix (D:\React\Project\marketplace\server\node_modules\express\lib\router\index.js:328:13)[39m
[31m    at D:\React\Project\marketplace\server\node_modules\express\lib\router\index.js:286:9[39m
[31m    at Function.process_params (D:\React\Project\marketplace\server\node_modules\express\lib\router\index.js:346:12)[39m
[31m    at next (D:\React\Project\marketplace\server\node_modules\express\lib\router\index.js:280:10)[39m
[31m    at D:\React\Project\marketplace\server\node_modules\express\lib\router\index.js:646:15[39m
[31m    at next (D:\React\Project\marketplace\server\node_modules\express\lib\router\index.js:265:14)[39m
[31m    at Function.handle (D:\React\Project\marketplace\server\node_modules\express\lib\router\index.js:175:3)[39m
[31m    at router (D:\React\Project\marketplace\server\node_modules\express\lib\router\index.js:47:12)[39m
2025-11-15 20:26:50:2650 [31merror[39m: [31m[GET] / >> StatusCode:: 404, Message:: Not Found - /[39m
2025-11-15 20:26:50:2650 [31merror[39m: [31mError: Not Found - /[39m
[31m    at notFoundHandler (D:\React\Project\marketplace\server\src\middleware\error.middleware.ts:5:17)[39m
[31m    at Layer.handle [as handle_request] (D:\React\Project\marketplace\server\node_modules\express\lib\router\layer.js:95:5)[39m
[31m    at trim_prefix (D:\React\Project\marketplace\server\node_modules\express\lib\router\index.js:328:13)[39m
[31m    at D:\React\Project\marketplace\server\node_modules\express\lib\router\index.js:286:9[39m
[31m    at Function.process_params (D:\React\Project\marketplace\server\node_modules\express\lib\router\index.js:346:12)[39m
[31m    at next (D:\React\Project\marketplace\server\node_modules\express\lib\router\index.js:280:10)[39m
[31m    at D:\React\Project\marketplace\server\node_modules\express\lib\router\index.js:646:15[39m
[31m    at next (D:\React\Project\marketplace\server\node_modules\express\lib\router\index.js:265:14)[39m
[31m    at Function.handle (D:\React\Project\marketplace\server\node_modules\express\lib\router\index.js:175:3)[39m
[31m    at router (D:\React\Project\marketplace\server\node_modules\express\lib\router\index.js:47:12)[39m
2025-11-15 20:29:52:2952 [31merror[39m: [31m[GET] /api >> StatusCode:: 404, Message:: Not Found - /api[39m
2025-11-15 20:29:52:2952 [31merror[39m: [31mError: Not Found - /api[39m
[31m    at notFoundHandler (D:\React\Project\marketplace\server\src\middleware\error.middleware.ts:5:17)[39m
[31m    at Layer.handle [as handle_request] (D:\React\Project\marketplace\server\node_modules\express\lib\router\layer.js:95:5)[39m
[31m    at trim_prefix (D:\React\Project\marketplace\server\node_modules\express\lib\router\index.js:328:13)[39m
[31m    at D:\React\Project\marketplace\server\node_modules\express\lib\router\index.js:286:9[39m
[31m    at Function.process_params (D:\React\Project\marketplace\server\node_modules\express\lib\router\index.js:346:12)[39m
[31m    at next (D:\React\Project\marketplace\server\node_modules\express\lib\router\index.js:280:10)[39m
[31m    at D:\React\Project\marketplace\server\node_modules\express\lib\router\index.js:646:15[39m
[31m    at next (D:\React\Project\marketplace\server\node_modules\express\lib\router\index.js:265:14)[39m
[31m    at Function.handle (D:\React\Project\marketplace\server\node_modules\express\lib\router\index.js:175:3)[39m
[31m    at router (D:\React\Project\marketplace\server\node_modules\express\lib\router\index.js:47:12)[39m
2025-11-15 20:54:58:5458 [31merror[39m: [31m[GET] /api >> StatusCode:: 404, Message:: Not Found - /api[39m
2025-11-15 20:54:58:5458 [31merror[39m: [31mError: Not Found - /api[39m
[31m    at notFoundHandler (D:\React\Project\marketplace\server\src\middleware\error.middleware.ts:5:17)[39m
[31m    at Layer.handle [as handle_request] (D:\React\Project\marketplace\server\node_modules\express\lib\router\layer.js:95:5)[39m
[31m    at trim_prefix (D:\React\Project\marketplace\server\node_modules\express\lib\router\index.js:328:13)[39m
[31m    at D:\React\Project\marketplace\server\node_modules\express\lib\router\index.js:286:9[39m
[31m    at Function.process_params (D:\React\Project\marketplace\server\node_modules\express\lib\router\index.js:346:12)[39m
[31m    at next (D:\React\Project\marketplace\server\node_modules\express\lib\router\index.js:280:10)[39m
[31m    at D:\React\Project\marketplace\server\node_modules\express\lib\router\index.js:646:15[39m
[31m    at next (D:\React\Project\marketplace\server\node_modules\express\lib\router\index.js:265:14)[39m
[31m    at Function.handle (D:\React\Project\marketplace\server\node_modules\express\lib\router\index.js:175:3)[39m
[31m    at router (D:\React\Project\marketplace\server\node_modules\express\lib\router\index.js:47:12)[39m
2025-11-15 20:55:04:554 [31merror[39m: [31m[GET] /api >> StatusCode:: 404, Message:: Not Found - /api[39m
2025-11-15 20:55:04:554 [31merror[39m: [31mError: Not Found - /api[39m
[31m    at notFoundHandler (D:\React\Project\marketplace\server\src\middleware\error.middleware.ts:5:17)[39m
[31m    at Layer.handle [as handle_request] (D:\React\Project\marketplace\server\node_modules\express\lib\router\layer.js:95:5)[39m
[31m    at trim_prefix (D:\React\Project\marketplace\server\node_modules\express\lib\router\index.js:328:13)[39m
[31m    at D:\React\Project\marketplace\server\node_modules\express\lib\router\index.js:286:9[39m
[31m    at Function.process_params (D:\React\Project\marketplace\server\node_modules\express\lib\router\index.js:346:12)[39m
[31m    at next (D:\React\Project\marketplace\server\node_modules\express\lib\router\index.js:280:10)[39m
[31m    at D:\React\Project\marketplace\server\node_modules\express\lib\router\index.js:646:15[39m
[31m    at next (D:\React\Project\marketplace\server\node_modules\express\lib\router\index.js:265:14)[39m
[31m    at Function.handle (D:\React\Project\marketplace\server\node_modules\express\lib\router\index.js:175:3)[39m
[31m    at router (D:\React\Project\marketplace\server\node_modules\express\lib\router\index.js:47:12)[39m
2025-11-15 20:58:34:5834 [31merror[39m: [31m[GET] /api >> StatusCode:: 404, Message:: Not Found - /api[39m
2025-11-15 20:58:34:5834 [31merror[39m: [31mError: Not Found - /api[39m
[31m    at notFoundHandler (D:\React\Project\marketplace\server\src\middleware\error.middleware.ts:5:17)[39m
[31m    at Layer.handle [as handle_request] (D:\React\Project\marketplace\server\node_modules\express\lib\router\layer.js:95:5)[39m
[31m    at trim_prefix (D:\React\Project\marketplace\server\node_modules\express\lib\router\index.js:328:13)[39m
[31m    at D:\React\Project\marketplace\server\node_modules\express\lib\router\index.js:286:9[39m
[31m    at Function.process_params (D:\React\Project\marketplace\server\node_modules\express\lib\router\index.js:346:12)[39m
[31m    at next (D:\React\Project\marketplace\server\node_modules\express\lib\router\index.js:280:10)[39m
[31m    at D:\React\Project\marketplace\server\node_modules\express\lib\router\index.js:646:15[39m
[31m    at next (D:\React\Project\marketplace\server\node_modules\express\lib\router\index.js:265:14)[39m
[31m    at Function.handle (D:\React\Project\marketplace\server\node_modules\express\lib\router\index.js:175:3)[39m
[31m    at router (D:\React\Project\marketplace\server\node_modules\express\lib\router\index.js:47:12)[39m
2025-11-15 21:01:03:13 [31merror[39m: [31m[GET] /api >> StatusCode:: 404, Message:: Not Found - /api[39m
2025-11-15 21:01:03:13 [31merror[39m: [31mError: Not Found - /api[39m
[31m    at notFoundHandler (D:\React\Project\marketplace\server\src\middleware\error.middleware.ts:5:17)[39m
[31m    at Layer.handle [as handle_request] (D:\React\Project\marketplace\server\node_modules\express\lib\router\layer.js:95:5)[39m
[31m    at trim_prefix (D:\React\Project\marketplace\server\node_modules\express\lib\router\index.js:328:13)[39m
[31m    at D:\React\Project\marketplace\server\node_modules\express\lib\router\index.js:286:9[39m
[31m    at Function.process_params (D:\React\Project\marketplace\server\node_modules\express\lib\router\index.js:346:12)[39m
[31m    at next (D:\React\Project\marketplace\server\node_modules\express\lib\router\index.js:280:10)[39m
[31m    at D:\React\Project\marketplace\server\node_modules\express\lib\router\index.js:646:15[39m
[31m    at next (D:\React\Project\marketplace\server\node_modules\express\lib\router\index.js:265:14)[39m
[31m    at Function.handle (D:\React\Project\marketplace\server\node_modules\express\lib\router\index.js:175:3)[39m
[31m    at router (D:\React\Project\marketplace\server\node_modules\express\lib\router\index.js:47:12)[39m
2025-11-15 21:06:53:653 [31merror[39m: [31mError in registerUser: Unknown column 'createdAt' in 'field list'[39m
2025-11-15 21:06:53:653 [31merror[39m: [31mRegistration error: Unknown column 'createdAt' in 'field list'[39m
2025-11-15 21:12:31:1231 [31merror[39m: [31mError in registerUser: Unknown column 'created_at' in 'field list'[39m
2025-11-15 21:12:31:1231 [31merror[39m: [31mRegistration error: Unknown column 'created_at' in 'field list'[39m
2025-11-15 21:16:55:1655 [31merror[39m: [31mError in registerUser: Unknown column 'created_at' in 'field list'[39m
2025-11-15 21:16:55:1655 [31merror[39m: [31mRegistration error: Unknown column 'created_at' in 'field list'[39m
2025-11-15 21:19:11:1911 [31merror[39m: [31mError in registerUser: Unknown column 'created_at' in 'field list'[39m
2025-11-15 21:19:11:1911 [31merror[39m: [31mRegistration error: Unknown column 'created_at' in 'field list'[39m
2025-11-15 21:25:53:2553 [31merror[39m: [31mError in registerUser: Unknown column 'created_at' in 'field list'[39m
2025-11-15 21:25:53:2553 [31merror[39m: [31mRegistration error: Unknown column 'created_at' in 'field list'[39m
2025-11-15 21:28:59:2859 [31merror[39m: [31mError in registerUser: Unknown column 'created_at' in 'field list'[39m
2025-11-15 21:28:59:2859 [31merror[39m: [31mRegistration error: Unknown column 'created_at' in 'field list'[39m
2025-11-15 21:32:04:324 [31merror[39m: [31m[POST] /api/v1/auth/register >> StatusCode:: 400, Message:: Expected property name or '}' in JSON at position 1 (line 1 column 2)[39m
2025-11-15 21:32:04:324 [31merror[39m: [31mSyntaxError: Expected property name or '}' in JSON at position 1 (line 1 column 2)[39m
[31m    at JSON.parse (<anonymous>)[39m
[31m    at parse (D:\React\Project\marketplace\server\node_modules\body-parser\lib\types\json.js:92:19)[39m
[31m    at D:\React\Project\marketplace\server\node_modules\body-parser\lib\read.js:128:18[39m
[31m    at AsyncResource.runInAsyncScope (node:async_hooks:211:14)[39m
[31m    at invokeCallback (D:\React\Project\marketplace\server\node_modules\raw-body\index.js:238:16)[39m
[31m    at done (D:\React\Project\marketplace\server\node_modules\raw-body\index.js:227:7)[39m
[31m    at IncomingMessage.onEnd (D:\React\Project\marketplace\server\node_modules\raw-body\index.js:287:7)[39m
[31m    at IncomingMessage.emit (node:events:518:28)[39m
[31m    at IncomingMessage.emit (node:domain:489:12)[39m
[31m    at endReadableNT (node:internal/streams/readable:1698:12)[39m
2025-11-15 21:32:42:3242 [31merror[39m: [31mError in registerUser: Unknown column 'created_at' in 'field list'[39m
2025-11-15 21:32:42:3242 [31merror[39m: [31mRegistration error: Unknown column 'created_at' in 'field list'[39m
2025-11-15 21:34:15:3415 [31merror[39m: [31mError in registerUser: Unknown column 'created_at' in 'field list'[39m
2025-11-15 21:34:15:3415 [31merror[39m: [31mRegistration error: Unknown column 'created_at' in 'field list'[39m
2025-11-15 21:35:03:353 [31merror[39m: [31mError in registerUser: Unknown column 'created_at' in 'field list'[39m
2025-11-15 21:35:03:353 [31merror[39m: [31mRegistration error: Unknown column 'created_at' in 'field list'[39m
2025-11-15 21:35:29:3529 [31merror[39m: [31mError in registerUser: Unknown column 'created_at' in 'field list'[39m
2025-11-15 21:35:29:3529 [31merror[39m: [31mRegistration error: Unknown column 'created_at' in 'field list'[39m
2025-11-15 21:41:41:4141 [31merror[39m: [31mError in registerUser: Unknown column 'created_at' in 'field list'[39m
2025-11-15 21:41:41:4141 [31merror[39m: [31mRegistration error: Unknown column 'created_at' in 'field list'[39m
